running egg_info
creating build/billy_the_robot/billy_the_robot.egg-info
writing build/billy_the_robot/billy_the_robot.egg-info/PKG-INFO
writing dependency_links to build/billy_the_robot/billy_the_robot.egg-info/dependency_links.txt
writing entry points to build/billy_the_robot/billy_the_robot.egg-info/entry_points.txt
writing requirements to build/billy_the_robot/billy_the_robot.egg-info/requires.txt
writing top-level names to build/billy_the_robot/billy_the_robot.egg-info/top_level.txt
writing manifest file 'build/billy_the_robot/billy_the_robot.egg-info/SOURCES.txt'
reading manifest file 'build/billy_the_robot/billy_the_robot.egg-info/SOURCES.txt'
writing manifest file 'build/billy_the_robot/billy_the_robot.egg-info/SOURCES.txt'
running build
running build_py
creating /home/ubuntu/Documents/billy_the_robot/build/billy_the_robot/build
creating /home/ubuntu/Documents/billy_the_robot/build/billy_the_robot/build/lib
creating /home/ubuntu/Documents/billy_the_robot/build/billy_the_robot/build/lib/billy_the_robot
copying billy_the_robot/my_billy_node.py -> /home/ubuntu/Documents/billy_the_robot/build/billy_the_robot/build/lib/billy_the_robot
copying billy_the_robot/__init__.py -> /home/ubuntu/Documents/billy_the_robot/build/billy_the_robot/build/lib/billy_the_robot
copying billy_the_robot/my_billy_sub.py -> /home/ubuntu/Documents/billy_the_robot/build/billy_the_robot/build/lib/billy_the_robot
running install
running install_lib
creating /home/ubuntu/Documents/billy_the_robot/install/billy_the_robot/lib/python3.10/site-packages/billy_the_robot
copying /home/ubuntu/Documents/billy_the_robot/build/billy_the_robot/build/lib/billy_the_robot/my_billy_node.py -> /home/ubuntu/Documents/billy_the_robot/install/billy_the_robot/lib/python3.10/site-packages/billy_the_robot
copying /home/ubuntu/Documents/billy_the_robot/build/billy_the_robot/build/lib/billy_the_robot/__init__.py -> /home/ubuntu/Documents/billy_the_robot/install/billy_the_robot/lib/python3.10/site-packages/billy_the_robot
copying /home/ubuntu/Documents/billy_the_robot/build/billy_the_robot/build/lib/billy_the_robot/my_billy_sub.py -> /home/ubuntu/Documents/billy_the_robot/install/billy_the_robot/lib/python3.10/site-packages/billy_the_robot
byte-compiling /home/ubuntu/Documents/billy_the_robot/install/billy_the_robot/lib/python3.10/site-packages/billy_the_robot/my_billy_node.py to my_billy_node.cpython-310.pyc
byte-compiling /home/ubuntu/Documents/billy_the_robot/install/billy_the_robot/lib/python3.10/site-packages/billy_the_robot/__init__.py to __init__.cpython-310.pyc
byte-compiling /home/ubuntu/Documents/billy_the_robot/install/billy_the_robot/lib/python3.10/site-packages/billy_the_robot/my_billy_sub.py to my_billy_sub.cpython-310.pyc
running install_data
creating /home/ubuntu/Documents/billy_the_robot/install/billy_the_robot/share/ament_index
creating /home/ubuntu/Documents/billy_the_robot/install/billy_the_robot/share/ament_index/resource_index
creating /home/ubuntu/Documents/billy_the_robot/install/billy_the_robot/share/ament_index/resource_index/packages
copying resource/billy_the_robot -> /home/ubuntu/Documents/billy_the_robot/install/billy_the_robot/share/ament_index/resource_index/packages
copying package.xml -> /home/ubuntu/Documents/billy_the_robot/install/billy_the_robot/share/billy_the_robot
running install_egg_info
Copying build/billy_the_robot/billy_the_robot.egg-info to /home/ubuntu/Documents/billy_the_robot/install/billy_the_robot/lib/python3.10/site-packages/billy_the_robot-0.0.0-py3.10.egg-info
running install_scripts
Installing listener script to /home/ubuntu/Documents/billy_the_robot/install/billy_the_robot/lib/billy_the_robot
Installing talker script to /home/ubuntu/Documents/billy_the_robot/install/billy_the_robot/lib/billy_the_robot
writing list of installed files to '/home/ubuntu/Documents/billy_the_robot/build/billy_the_robot/install.log'
