[1.266s] Invoking command in '/home/ubuntu/Documents/billy_the_robot': PYTHONPATH=/home/ubuntu/Documents/billy_the_robot/install/billy_the_robot/lib/python3.10/site-packages:${PYTHONPATH} /usr/bin/python3 setup.py egg_info --egg-base build/billy_the_robot build --build-base /home/ubuntu/Documents/billy_the_robot/build/billy_the_robot/build install --prefix /home/ubuntu/Documents/billy_the_robot/install/billy_the_robot --record /home/ubuntu/Documents/billy_the_robot/build/billy_the_robot/install.log --single-version-externally-managed
[1.622s] running egg_info
[1.624s] creating build/billy_the_robot/billy_the_robot.egg-info
[1.625s] writing build/billy_the_robot/billy_the_robot.egg-info/PKG-INFO
[1.626s] writing dependency_links to build/billy_the_robot/billy_the_robot.egg-info/dependency_links.txt
[1.627s] writing entry points to build/billy_the_robot/billy_the_robot.egg-info/entry_points.txt
[1.628s] writing requirements to build/billy_the_robot/billy_the_robot.egg-info/requires.txt
[1.628s] writing top-level names to build/billy_the_robot/billy_the_robot.egg-info/top_level.txt
[1.629s] writing manifest file 'build/billy_the_robot/billy_the_robot.egg-info/SOURCES.txt'
[1.632s] reading manifest file 'build/billy_the_robot/billy_the_robot.egg-info/SOURCES.txt'
[1.634s] writing manifest file 'build/billy_the_robot/billy_the_robot.egg-info/SOURCES.txt'
[1.635s] running build
[1.635s] running build_py
[1.641s] creating /home/ubuntu/Documents/billy_the_robot/build/billy_the_robot/build
[1.641s] creating /home/ubuntu/Documents/billy_the_robot/build/billy_the_robot/build/lib
[1.643s] creating /home/ubuntu/Documents/billy_the_robot/build/billy_the_robot/build/lib/billy_the_robot
[1.644s] copying billy_the_robot/my_billy_node.py -> /home/ubuntu/Documents/billy_the_robot/build/billy_the_robot/build/lib/billy_the_robot
[1.647s] copying billy_the_robot/__init__.py -> /home/ubuntu/Documents/billy_the_robot/build/billy_the_robot/build/lib/billy_the_robot
[1.648s] copying billy_the_robot/my_billy_sub.py -> /home/ubuntu/Documents/billy_the_robot/build/billy_the_robot/build/lib/billy_the_robot
[1.651s] running install
[1.652s] /usr/lib/python3/dist-packages/setuptools/command/install.py:34: SetuptoolsDeprecationWarning: setup.py install is deprecated. Use build and pip and other standards-based tools.
[1.652s]   warnings.warn(
[1.653s] running install_lib
[1.658s] creating /home/ubuntu/Documents/billy_the_robot/install/billy_the_robot/lib/python3.10/site-packages/billy_the_robot
[1.659s] copying /home/ubuntu/Documents/billy_the_robot/build/billy_the_robot/build/lib/billy_the_robot/my_billy_node.py -> /home/ubuntu/Documents/billy_the_robot/install/billy_the_robot/lib/python3.10/site-packages/billy_the_robot
[1.659s] copying /home/ubuntu/Documents/billy_the_robot/build/billy_the_robot/build/lib/billy_the_robot/__init__.py -> /home/ubuntu/Documents/billy_the_robot/install/billy_the_robot/lib/python3.10/site-packages/billy_the_robot
[1.660s] copying /home/ubuntu/Documents/billy_the_robot/build/billy_the_robot/build/lib/billy_the_robot/my_billy_sub.py -> /home/ubuntu/Documents/billy_the_robot/install/billy_the_robot/lib/python3.10/site-packages/billy_the_robot
[1.669s] byte-compiling /home/ubuntu/Documents/billy_the_robot/install/billy_the_robot/lib/python3.10/site-packages/billy_the_robot/my_billy_node.py to my_billy_node.cpython-310.pyc
[1.672s] byte-compiling /home/ubuntu/Documents/billy_the_robot/install/billy_the_robot/lib/python3.10/site-packages/billy_the_robot/__init__.py to __init__.cpython-310.pyc
[1.675s] byte-compiling /home/ubuntu/Documents/billy_the_robot/install/billy_the_robot/lib/python3.10/site-packages/billy_the_robot/my_billy_sub.py to my_billy_sub.cpython-310.pyc
[1.678s] running install_data
[1.681s] creating /home/ubuntu/Documents/billy_the_robot/install/billy_the_robot/share/ament_index
[1.684s] creating /home/ubuntu/Documents/billy_the_robot/install/billy_the_robot/share/ament_index/resource_index
[1.684s] creating /home/ubuntu/Documents/billy_the_robot/install/billy_the_robot/share/ament_index/resource_index/packages
[1.684s] copying resource/billy_the_robot -> /home/ubuntu/Documents/billy_the_robot/install/billy_the_robot/share/ament_index/resource_index/packages
[1.686s] copying package.xml -> /home/ubuntu/Documents/billy_the_robot/install/billy_the_robot/share/billy_the_robot
[1.687s] running install_egg_info
[1.699s] Copying build/billy_the_robot/billy_the_robot.egg-info to /home/ubuntu/Documents/billy_the_robot/install/billy_the_robot/lib/python3.10/site-packages/billy_the_robot-0.0.0-py3.10.egg-info
[1.707s] running install_scripts
[1.793s] Installing listener script to /home/ubuntu/Documents/billy_the_robot/install/billy_the_robot/lib/billy_the_robot
[1.793s] Installing talker script to /home/ubuntu/Documents/billy_the_robot/install/billy_the_robot/lib/billy_the_robot
[1.796s] writing list of installed files to '/home/ubuntu/Documents/billy_the_robot/build/billy_the_robot/install.log'
[1.896s] Invoked command in '/home/ubuntu/Documents/billy_the_robot' returned '0': PYTHONPATH=/home/ubuntu/Documents/billy_the_robot/install/billy_the_robot/lib/python3.10/site-packages:${PYTHONPATH} /usr/bin/python3 setup.py egg_info --egg-base build/billy_the_robot build --build-base /home/ubuntu/Documents/billy_the_robot/build/billy_the_robot/build install --prefix /home/ubuntu/Documents/billy_the_robot/install/billy_the_robot --record /home/ubuntu/Documents/billy_the_robot/build/billy_the_robot/install.log --single-version-externally-managed
