[1.259s] Invoking command in '/home/ubuntu/Documents/billy_the_robot': PYTHONPATH=/home/ubuntu/Documents/billy_the_robot/install/billy_the_robot/lib/python3.10/site-packages:${PYTHONPATH} /usr/bin/python3 setup.py egg_info --egg-base build/billy_the_robot build --build-base /home/ubuntu/Documents/billy_the_robot/build/billy_the_robot/build install --prefix /home/ubuntu/Documents/billy_the_robot/install/billy_the_robot --record /home/ubuntu/Documents/billy_the_robot/build/billy_the_robot/install.log --single-version-externally-managed
[1.673s] running egg_info
[1.675s] writing build/billy_the_robot/billy_the_robot.egg-info/PKG-INFO
[1.676s] writing dependency_links to build/billy_the_robot/billy_the_robot.egg-info/dependency_links.txt
[1.677s] writing entry points to build/billy_the_robot/billy_the_robot.egg-info/entry_points.txt
[1.678s] writing requirements to build/billy_the_robot/billy_the_robot.egg-info/requires.txt
[1.679s] writing top-level names to build/billy_the_robot/billy_the_robot.egg-info/top_level.txt
[1.684s] reading manifest file 'build/billy_the_robot/billy_the_robot.egg-info/SOURCES.txt'
[1.686s] writing manifest file 'build/billy_the_robot/billy_the_robot.egg-info/SOURCES.txt'
[1.687s] running build
[1.687s] running build_py
[1.689s] running install
[1.690s] /usr/lib/python3/dist-packages/setuptools/command/install.py:34: SetuptoolsDeprecationWarning: setup.py install is deprecated. Use build and pip and other standards-based tools.
[1.691s]   warnings.warn(
[1.692s] running install_lib
[1.695s] running install_data
[1.696s] running install_egg_info
[1.698s] removing '/home/ubuntu/Documents/billy_the_robot/install/billy_the_robot/lib/python3.10/site-packages/billy_the_robot-0.0.0-py3.10.egg-info' (and everything under it)
[1.704s] Copying build/billy_the_robot/billy_the_robot.egg-info to /home/ubuntu/Documents/billy_the_robot/install/billy_the_robot/lib/python3.10/site-packages/billy_the_robot-0.0.0-py3.10.egg-info
[1.706s] running install_scripts
[1.740s] Installing listener script to /home/ubuntu/Documents/billy_the_robot/install/billy_the_robot/lib/billy_the_robot
[1.741s] Installing talker script to /home/ubuntu/Documents/billy_the_robot/install/billy_the_robot/lib/billy_the_robot
[1.742s] writing list of installed files to '/home/ubuntu/Documents/billy_the_robot/build/billy_the_robot/install.log'
[1.838s] Invoked command in '/home/ubuntu/Documents/billy_the_robot' returned '0': PYTHONPATH=/home/ubuntu/Documents/billy_the_robot/install/billy_the_robot/lib/python3.10/site-packages:${PYTHONPATH} /usr/bin/python3 setup.py egg_info --egg-base build/billy_the_robot build --build-base /home/ubuntu/Documents/billy_the_robot/build/billy_the_robot/build install --prefix /home/ubuntu/Documents/billy_the_robot/install/billy_the_robot --record /home/ubuntu/Documents/billy_the_robot/build/billy_the_robot/install.log --single-version-externally-managed
