[1.112s] DEBUG:colcon:Command line arguments: ['/usr/bin/colcon', 'build']
[1.112s] DEBUG:colcon:Parsed command line arguments: Namespace(log_base=None, log_level=None, verb_name='build', build_base='build', install_base='install', merge_install=False, symlink_install=False, test_result_base=None, continue_on_error=False, executor='parallel', parallel_workers=1, event_handlers=None, ignore_user_meta=False, metas=['./colcon.meta'], base_paths=['.'], packages_ignore=None, packages_ignore_regex=None, paths=None, packages_up_to=None, packages_up_to_regex=None, packages_above=None, packages_above_and_dependencies=None, packages_above_depth=None, packages_select_by_dep=None, packages_skip_by_dep=None, packages_skip_up_to=None, packages_select_build_failed=False, packages_skip_build_finished=False, packages_select_test_failures=False, packages_skip_test_passed=False, packages_select=None, packages_skip=None, packages_select_regex=None, packages_skip_regex=None, packages_start=None, packages_end=None, allow_overriding=[], cmake_args=None, cmake_target=None, cmake_target_skip_unavailable=False, cmake_clean_cache=False, cmake_clean_first=False, cmake_force_configure=False, ament_cmake_args=None, catkin_cmake_args=None, catkin_skip_building_tests=False, verb_parser=<colcon_defaults.argument_parser.defaults.DefaultArgumentsDecorator object at 0x7fbcea8deb90>, verb_extension=<colcon_core.verb.build.BuildVerb object at 0x7fbceabf9db0>, main=<bound method BuildVerb.main of <colcon_core.verb.build.BuildVerb object at 0x7fbceabf9db0>>)
[1.256s] Level 1:colcon.colcon_core.package_discovery:discover_packages(colcon_meta) check parameters
[1.260s] Level 1:colcon.colcon_core.package_discovery:discover_packages(recursive) check parameters
[1.260s] Level 1:colcon.colcon_core.package_discovery:discover_packages(ignore) check parameters
[1.260s] Level 1:colcon.colcon_core.package_discovery:discover_packages(path) check parameters
[1.260s] Level 1:colcon.colcon_core.package_discovery:discover_packages(colcon_meta) discover
[1.260s] Level 1:colcon.colcon_core.package_discovery:discover_packages(recursive) discover
[1.260s] INFO:colcon.colcon_core.package_discovery:Crawling recursively for packages in '/home/ubuntu/Documents/billy_the_robot/src'
[1.260s] Level 1:colcon.colcon_core.package_identification:_identify(.) by extensions ['ignore', 'ignore_ament_install']
[1.261s] Level 1:colcon.colcon_core.package_identification:_identify(.) by extension 'ignore'
[1.261s] Level 1:colcon.colcon_core.package_identification:_identify(.) by extension 'ignore_ament_install'
[1.261s] Level 1:colcon.colcon_core.package_identification:_identify(.) by extensions ['colcon_pkg']
[1.261s] Level 1:colcon.colcon_core.package_identification:_identify(.) by extension 'colcon_pkg'
[1.261s] Level 1:colcon.colcon_core.package_identification:_identify(.) by extensions ['colcon_meta']
[1.261s] Level 1:colcon.colcon_core.package_identification:_identify(.) by extension 'colcon_meta'
[1.261s] Level 1:colcon.colcon_core.package_identification:_identify(.) by extensions ['ros']
[1.261s] Level 1:colcon.colcon_core.package_identification:_identify(.) by extension 'ros'
[1.323s] Level 1:colcon.colcon_core.package_identification:_identify(.) by extensions ['cmake', 'python']
[1.323s] Level 1:colcon.colcon_core.package_identification:_identify(.) by extension 'cmake'
[1.323s] Level 1:colcon.colcon_core.package_identification:_identify(.) by extension 'python'
[1.323s] Level 1:colcon.colcon_core.package_identification:_identify(.) by extensions ['python_setup_py']
[1.323s] Level 1:colcon.colcon_core.package_identification:_identify(.) by extension 'python_setup_py'
[1.323s] Level 1:colcon.colcon_core.package_identification:_identify(action_package) by extensions ['ignore', 'ignore_ament_install']
[1.323s] Level 1:colcon.colcon_core.package_identification:_identify(action_package) by extension 'ignore'
[1.323s] Level 1:colcon.colcon_core.package_identification:_identify(action_package) by extension 'ignore_ament_install'
[1.324s] Level 1:colcon.colcon_core.package_identification:_identify(action_package) by extensions ['colcon_pkg']
[1.324s] Level 1:colcon.colcon_core.package_identification:_identify(action_package) by extension 'colcon_pkg'
[1.324s] Level 1:colcon.colcon_core.package_identification:_identify(action_package) by extensions ['colcon_meta']
[1.324s] Level 1:colcon.colcon_core.package_identification:_identify(action_package) by extension 'colcon_meta'
[1.324s] Level 1:colcon.colcon_core.package_identification:_identify(action_package) by extensions ['ros']
[1.324s] Level 1:colcon.colcon_core.package_identification:_identify(action_package) by extension 'ros'
[1.332s] DEBUG:colcon.colcon_core.package_identification:Package 'action_package' with type 'ros.ament_cmake' and name 'action_package'
[1.332s] Level 1:colcon.colcon_core.package_identification:_identify(build) by extensions ['ignore', 'ignore_ament_install']
[1.332s] Level 1:colcon.colcon_core.package_identification:_identify(build) by extension 'ignore'
[1.332s] Level 1:colcon.colcon_core.package_identification:_identify(build) ignored
[1.332s] Level 1:colcon.colcon_core.package_identification:_identify(install) by extensions ['ignore', 'ignore_ament_install']
[1.334s] Level 1:colcon.colcon_core.package_identification:_identify(install) by extension 'ignore'
[1.334s] Level 1:colcon.colcon_core.package_identification:_identify(install) ignored
[1.334s] Level 1:colcon.colcon_core.package_identification:_identify(log) by extensions ['ignore', 'ignore_ament_install']
[1.334s] Level 1:colcon.colcon_core.package_identification:_identify(log) by extension 'ignore'
[1.334s] Level 1:colcon.colcon_core.package_identification:_identify(log) ignored
[1.334s] Level 1:colcon.colcon_core.package_discovery:discover_packages(recursive) using defaults
[1.334s] Level 1:colcon.colcon_core.package_discovery:discover_packages(ignore) discover
[1.334s] Level 1:colcon.colcon_core.package_discovery:discover_packages(ignore) using defaults
[1.334s] Level 1:colcon.colcon_core.package_discovery:discover_packages(path) discover
[1.334s] Level 1:colcon.colcon_core.package_discovery:discover_packages(path) using defaults
[1.417s] Level 1:colcon.colcon_core.package_discovery:discover_packages(prefix_path) check parameters
[1.417s] Level 1:colcon.colcon_core.package_discovery:discover_packages(prefix_path) discover
[1.432s] DEBUG:colcon.colcon_installed_package_information.package_discovery:Found 283 installed packages in /opt/ros/humble
[1.435s] Level 1:colcon.colcon_core.package_discovery:discover_packages(prefix_path) using defaults
[1.583s] Level 5:colcon.colcon_core.verb:set package 'action_package' build argument 'cmake_args' from command line to 'None'
[1.583s] Level 5:colcon.colcon_core.verb:set package 'action_package' build argument 'cmake_target' from command line to 'None'
[1.583s] Level 5:colcon.colcon_core.verb:set package 'action_package' build argument 'cmake_target_skip_unavailable' from command line to 'False'
[1.583s] Level 5:colcon.colcon_core.verb:set package 'action_package' build argument 'cmake_clean_cache' from command line to 'False'
[1.583s] Level 5:colcon.colcon_core.verb:set package 'action_package' build argument 'cmake_clean_first' from command line to 'False'
[1.583s] Level 5:colcon.colcon_core.verb:set package 'action_package' build argument 'cmake_force_configure' from command line to 'False'
[1.583s] Level 5:colcon.colcon_core.verb:set package 'action_package' build argument 'ament_cmake_args' from command line to 'None'
[1.583s] Level 5:colcon.colcon_core.verb:set package 'action_package' build argument 'catkin_cmake_args' from command line to 'None'
[1.583s] Level 5:colcon.colcon_core.verb:set package 'action_package' build argument 'catkin_skip_building_tests' from command line to 'False'
[1.583s] DEBUG:colcon.colcon_core.verb:Building package 'action_package' with the following arguments: {'ament_cmake_args': None, 'build_base': '/home/ubuntu/Documents/billy_the_robot/src/build/action_package', 'catkin_cmake_args': None, 'catkin_skip_building_tests': False, 'cmake_args': None, 'cmake_clean_cache': False, 'cmake_clean_first': False, 'cmake_force_configure': False, 'cmake_target': None, 'cmake_target_skip_unavailable': False, 'install_base': '/home/ubuntu/Documents/billy_the_robot/src/install/action_package', 'merge_install': False, 'path': '/home/ubuntu/Documents/billy_the_robot/src/action_package', 'symlink_install': False, 'test_result_base': None}
[1.584s] INFO:colcon.colcon_core.executor:Executing jobs using 'parallel' executor
[1.589s] DEBUG:colcon.colcon_parallel_executor.executor.parallel:run_until_complete
[1.590s] INFO:colcon.colcon_ros.task.ament_cmake.build:Building ROS package in '/home/ubuntu/Documents/billy_the_robot/src/action_package' with build type 'ament_cmake'
[1.590s] INFO:colcon.colcon_cmake.task.cmake.build:Building CMake package in '/home/ubuntu/Documents/billy_the_robot/src/action_package'
[1.613s] INFO:colcon.colcon_core.plugin_system:Skipping extension 'colcon_core.shell.bat': Not used on non-Windows systems
[1.613s] INFO:colcon.colcon_core.shell:Skip shell extension 'powershell' for command environment: Not usable outside of PowerShell
[1.613s] DEBUG:colcon.colcon_core.shell:Skip shell extension 'dsv' for command environment
[1.630s] DEBUG:colcon.colcon_core.event_handler.log_command:Invoking command in '/home/ubuntu/Documents/billy_the_robot/src/build/action_package': CMAKE_PREFIX_PATH=/opt/ros/humble /usr/bin/cmake /home/ubuntu/Documents/billy_the_robot/src/action_package -DCMAKE_INSTALL_PREFIX=/home/ubuntu/Documents/billy_the_robot/src/install/action_package
[4.743s] DEBUG:colcon.colcon_core.event_handler.log_command:Invoked command in '/home/ubuntu/Documents/billy_the_robot/src/build/action_package' returned '0': CMAKE_PREFIX_PATH=/opt/ros/humble /usr/bin/cmake /home/ubuntu/Documents/billy_the_robot/src/action_package -DCMAKE_INSTALL_PREFIX=/home/ubuntu/Documents/billy_the_robot/src/install/action_package
[4.743s] DEBUG:colcon.colcon_core.event_handler.log_command:Invoking command in '/home/ubuntu/Documents/billy_the_robot/src/build/action_package': CMAKE_PREFIX_PATH=/opt/ros/humble /usr/bin/cmake --build /home/ubuntu/Documents/billy_the_robot/src/build/action_package -- -j1 -l1
[18.996s] DEBUG:colcon.colcon_core.event_handler.log_command:Invoked command in '/home/ubuntu/Documents/billy_the_robot/src/build/action_package' returned '0': CMAKE_PREFIX_PATH=/opt/ros/humble /usr/bin/cmake --build /home/ubuntu/Documents/billy_the_robot/src/build/action_package -- -j1 -l1
[19.189s] DEBUG:colcon.colcon_core.event_handler.log_command:Invoking command in '/home/ubuntu/Documents/billy_the_robot/src/build/action_package': CMAKE_PREFIX_PATH=/opt/ros/humble /usr/bin/cmake --install /home/ubuntu/Documents/billy_the_robot/src/build/action_package
[19.554s] Level 1:colcon.colcon_core.environment:create_environment_scripts_only(action_package)
[19.556s] DEBUG:colcon.colcon_core.event_handler.log_command:Invoked command in '/home/ubuntu/Documents/billy_the_robot/src/build/action_package' returned '0': CMAKE_PREFIX_PATH=/opt/ros/humble /usr/bin/cmake --install /home/ubuntu/Documents/billy_the_robot/src/build/action_package
[19.597s] Level 1:colcon.colcon_core.environment:checking '/home/ubuntu/Documents/billy_the_robot/src/install/action_package' for CMake module files
[19.598s] Level 1:colcon.colcon_core.environment:checking '/home/ubuntu/Documents/billy_the_robot/src/install/action_package' for CMake config files
[19.598s] Level 1:colcon.colcon_core.shell:create_environment_hook('action_package', 'cmake_prefix_path')
[19.604s] INFO:colcon.colcon_core.shell:Creating environment hook '/home/ubuntu/Documents/billy_the_robot/src/install/action_package/share/action_package/hook/cmake_prefix_path.ps1'
[19.608s] INFO:colcon.colcon_core.shell:Creating environment descriptor '/home/ubuntu/Documents/billy_the_robot/src/install/action_package/share/action_package/hook/cmake_prefix_path.dsv'
[19.611s] INFO:colcon.colcon_core.shell:Creating environment hook '/home/ubuntu/Documents/billy_the_robot/src/install/action_package/share/action_package/hook/cmake_prefix_path.sh'
[19.615s] Level 1:colcon.colcon_core.environment:checking '/home/ubuntu/Documents/billy_the_robot/src/install/action_package/lib'
[19.615s] Level 1:colcon.colcon_core.shell:create_environment_hook('action_package', 'ld_library_path_lib')
[19.621s] INFO:colcon.colcon_core.shell:Creating environment hook '/home/ubuntu/Documents/billy_the_robot/src/install/action_package/share/action_package/hook/ld_library_path_lib.ps1'
[19.622s] INFO:colcon.colcon_core.shell:Creating environment descriptor '/home/ubuntu/Documents/billy_the_robot/src/install/action_package/share/action_package/hook/ld_library_path_lib.dsv'
[19.623s] INFO:colcon.colcon_core.shell:Creating environment hook '/home/ubuntu/Documents/billy_the_robot/src/install/action_package/share/action_package/hook/ld_library_path_lib.sh'
[19.623s] Level 1:colcon.colcon_core.environment:checking '/home/ubuntu/Documents/billy_the_robot/src/install/action_package/bin'
[19.623s] Level 1:colcon.colcon_core.environment:checking '/home/ubuntu/Documents/billy_the_robot/src/install/action_package/lib/pkgconfig/action_package.pc'
[19.624s] Level 1:colcon.colcon_core.environment:checking '/home/ubuntu/Documents/billy_the_robot/src/install/action_package/lib/python3.10/site-packages'
[19.628s] Level 1:colcon.colcon_core.environment:checking '/home/ubuntu/Documents/billy_the_robot/src/install/action_package/bin'
[19.630s] INFO:colcon.colcon_core.shell:Creating package script '/home/ubuntu/Documents/billy_the_robot/src/install/action_package/share/action_package/package.ps1'
[19.637s] INFO:colcon.colcon_core.shell:Creating package descriptor '/home/ubuntu/Documents/billy_the_robot/src/install/action_package/share/action_package/package.dsv'
[19.639s] INFO:colcon.colcon_core.shell:Creating package script '/home/ubuntu/Documents/billy_the_robot/src/install/action_package/share/action_package/package.sh'
[19.645s] INFO:colcon.colcon_core.shell:Creating package script '/home/ubuntu/Documents/billy_the_robot/src/install/action_package/share/action_package/package.bash'
[19.647s] INFO:colcon.colcon_core.shell:Creating package script '/home/ubuntu/Documents/billy_the_robot/src/install/action_package/share/action_package/package.zsh'
[19.650s] Level 1:colcon.colcon_core.environment:create_file_with_runtime_dependencies(/home/ubuntu/Documents/billy_the_robot/src/install/action_package/share/colcon-core/packages/action_package)
[19.893s] Level 1:colcon.colcon_core.environment:create_environment_scripts_only(action_package)
[19.902s] Level 1:colcon.colcon_core.environment:checking '/home/ubuntu/Documents/billy_the_robot/src/install/action_package' for CMake module files
[19.908s] Level 1:colcon.colcon_core.environment:checking '/home/ubuntu/Documents/billy_the_robot/src/install/action_package' for CMake config files
[19.909s] Level 1:colcon.colcon_core.shell:create_environment_hook('action_package', 'cmake_prefix_path')
[19.911s] INFO:colcon.colcon_core.shell:Creating environment hook '/home/ubuntu/Documents/billy_the_robot/src/install/action_package/share/action_package/hook/cmake_prefix_path.ps1'
[19.916s] INFO:colcon.colcon_core.shell:Creating environment descriptor '/home/ubuntu/Documents/billy_the_robot/src/install/action_package/share/action_package/hook/cmake_prefix_path.dsv'
[19.918s] INFO:colcon.colcon_core.shell:Creating environment hook '/home/ubuntu/Documents/billy_the_robot/src/install/action_package/share/action_package/hook/cmake_prefix_path.sh'
[19.919s] Level 1:colcon.colcon_core.environment:checking '/home/ubuntu/Documents/billy_the_robot/src/install/action_package/lib'
[19.919s] Level 1:colcon.colcon_core.shell:create_environment_hook('action_package', 'ld_library_path_lib')
[19.923s] INFO:colcon.colcon_core.shell:Creating environment hook '/home/ubuntu/Documents/billy_the_robot/src/install/action_package/share/action_package/hook/ld_library_path_lib.ps1'
[19.924s] INFO:colcon.colcon_core.shell:Creating environment descriptor '/home/ubuntu/Documents/billy_the_robot/src/install/action_package/share/action_package/hook/ld_library_path_lib.dsv'
[19.925s] INFO:colcon.colcon_core.shell:Creating environment hook '/home/ubuntu/Documents/billy_the_robot/src/install/action_package/share/action_package/hook/ld_library_path_lib.sh'
[19.926s] Level 1:colcon.colcon_core.environment:checking '/home/ubuntu/Documents/billy_the_robot/src/install/action_package/bin'
[19.927s] Level 1:colcon.colcon_core.environment:checking '/home/ubuntu/Documents/billy_the_robot/src/install/action_package/lib/pkgconfig/action_package.pc'
[19.927s] Level 1:colcon.colcon_core.environment:checking '/home/ubuntu/Documents/billy_the_robot/src/install/action_package/lib/python3.10/site-packages'
[19.927s] Level 1:colcon.colcon_core.environment:checking '/home/ubuntu/Documents/billy_the_robot/src/install/action_package/bin'
[19.929s] INFO:colcon.colcon_core.shell:Creating package script '/home/ubuntu/Documents/billy_the_robot/src/install/action_package/share/action_package/package.ps1'
[19.931s] INFO:colcon.colcon_core.shell:Creating package descriptor '/home/ubuntu/Documents/billy_the_robot/src/install/action_package/share/action_package/package.dsv'
[19.932s] INFO:colcon.colcon_core.shell:Creating package script '/home/ubuntu/Documents/billy_the_robot/src/install/action_package/share/action_package/package.sh'
[19.933s] INFO:colcon.colcon_core.shell:Creating package script '/home/ubuntu/Documents/billy_the_robot/src/install/action_package/share/action_package/package.bash'
[19.934s] INFO:colcon.colcon_core.shell:Creating package script '/home/ubuntu/Documents/billy_the_robot/src/install/action_package/share/action_package/package.zsh'
[19.935s] Level 1:colcon.colcon_core.environment:create_file_with_runtime_dependencies(/home/ubuntu/Documents/billy_the_robot/src/install/action_package/share/colcon-core/packages/action_package)
[19.937s] DEBUG:colcon.colcon_parallel_executor.executor.parallel:closing loop
[19.937s] DEBUG:colcon.colcon_parallel_executor.executor.parallel:loop closed
[19.937s] DEBUG:colcon.colcon_parallel_executor.executor.parallel:run_until_complete finished with '0'
[19.937s] DEBUG:colcon.colcon_core.event_reactor:joining thread
[19.956s] INFO:colcon.colcon_core.plugin_system:Skipping extension 'colcon_notification.desktop_notification.terminal_notifier': Not used on non-Darwin systems
[19.956s] INFO:colcon.colcon_core.plugin_system:Skipping extension 'colcon_notification.desktop_notification.win32': Not used on non-Windows systems
[19.956s] INFO:colcon.colcon_notification.desktop_notification:Sending desktop notification using 'notify2'
[20.087s] DEBUG:colcon.colcon_core.event_reactor:joined thread
[20.089s] INFO:colcon.colcon_core.shell:Creating prefix script '/home/ubuntu/Documents/billy_the_robot/src/install/local_setup.ps1'
[20.099s] INFO:colcon.colcon_core.shell:Creating prefix util module '/home/ubuntu/Documents/billy_the_robot/src/install/_local_setup_util_ps1.py'
[20.102s] INFO:colcon.colcon_core.shell:Creating prefix chain script '/home/ubuntu/Documents/billy_the_robot/src/install/setup.ps1'
[20.114s] INFO:colcon.colcon_core.shell:Creating prefix script '/home/ubuntu/Documents/billy_the_robot/src/install/local_setup.sh'
[20.117s] INFO:colcon.colcon_core.shell:Creating prefix util module '/home/ubuntu/Documents/billy_the_robot/src/install/_local_setup_util_sh.py'
[20.117s] INFO:colcon.colcon_core.shell:Creating prefix chain script '/home/ubuntu/Documents/billy_the_robot/src/install/setup.sh'
[20.131s] INFO:colcon.colcon_core.shell:Creating prefix script '/home/ubuntu/Documents/billy_the_robot/src/install/local_setup.bash'
[20.138s] INFO:colcon.colcon_core.shell:Creating prefix chain script '/home/ubuntu/Documents/billy_the_robot/src/install/setup.bash'
[20.142s] INFO:colcon.colcon_core.shell:Creating prefix script '/home/ubuntu/Documents/billy_the_robot/src/install/local_setup.zsh'
[20.149s] INFO:colcon.colcon_core.shell:Creating prefix chain script '/home/ubuntu/Documents/billy_the_robot/src/install/setup.zsh'
