[1.066s] Invoking command in '/home/ubuntu/Documents/billy_the_robot': PYTHONPATH=/home/ubuntu/Documents/billy_the_robot/install/billy_the_robot/lib/python3.10/site-packages:${PYTHONPATH} /usr/bin/python3 setup.py egg_info --egg-base build/billy_the_robot build --build-base /home/ubuntu/Documents/billy_the_robot/build/billy_the_robot/build install --prefix /home/ubuntu/Documents/billy_the_robot/install/billy_the_robot --record /home/ubuntu/Documents/billy_the_robot/build/billy_the_robot/install.log --single-version-externally-managed
[1.417s] running egg_info
[1.419s] writing build/billy_the_robot/billy_the_robot.egg-info/PKG-INFO
[1.420s] writing dependency_links to build/billy_the_robot/billy_the_robot.egg-info/dependency_links.txt
[1.421s] writing entry points to build/billy_the_robot/billy_the_robot.egg-info/entry_points.txt
[1.421s] writing requirements to build/billy_the_robot/billy_the_robot.egg-info/requires.txt
[1.422s] writing top-level names to build/billy_the_robot/billy_the_robot.egg-info/top_level.txt
[1.435s] reading manifest file 'build/billy_the_robot/billy_the_robot.egg-info/SOURCES.txt'
[1.439s] writing manifest file 'build/billy_the_robot/billy_the_robot.egg-info/SOURCES.txt'
[1.440s] running build
[1.440s] running build_py
[1.440s] copying billy_the_robot/my_billy_node.py -> /home/ubuntu/Documents/billy_the_robot/build/billy_the_robot/build/lib/billy_the_robot
[1.442s] copying billy_the_robot/my_billy_sub.py -> /home/ubuntu/Documents/billy_the_robot/build/billy_the_robot/build/lib/billy_the_robot
[1.443s] running install
[1.446s] /usr/lib/python3/dist-packages/setuptools/command/install.py:34: SetuptoolsDeprecationWarning: setup.py install is deprecated. Use build and pip and other standards-based tools.
[1.447s]   warnings.warn(
[1.460s] running install_lib
[1.463s] copying /home/ubuntu/Documents/billy_the_robot/build/billy_the_robot/build/lib/billy_the_robot/my_billy_node.py -> /home/ubuntu/Documents/billy_the_robot/install/billy_the_robot/lib/python3.10/site-packages/billy_the_robot
[1.465s] copying /home/ubuntu/Documents/billy_the_robot/build/billy_the_robot/build/lib/billy_the_robot/my_billy_sub.py -> /home/ubuntu/Documents/billy_the_robot/install/billy_the_robot/lib/python3.10/site-packages/billy_the_robot
[1.468s] byte-compiling /home/ubuntu/Documents/billy_the_robot/install/billy_the_robot/lib/python3.10/site-packages/billy_the_robot/my_billy_node.py to my_billy_node.cpython-310.pyc
[1.474s] byte-compiling /home/ubuntu/Documents/billy_the_robot/install/billy_the_robot/lib/python3.10/site-packages/billy_the_robot/my_billy_sub.py to my_billy_sub.cpython-310.pyc
[1.480s] running install_data
[1.482s] running install_egg_info
[1.485s] removing '/home/ubuntu/Documents/billy_the_robot/install/billy_the_robot/lib/python3.10/site-packages/billy_the_robot-0.0.0-py3.10.egg-info' (and everything under it)
[1.512s] Copying build/billy_the_robot/billy_the_robot.egg-info to /home/ubuntu/Documents/billy_the_robot/install/billy_the_robot/lib/python3.10/site-packages/billy_the_robot-0.0.0-py3.10.egg-info
[1.512s] running install_scripts
[1.553s] Installing listener script to /home/ubuntu/Documents/billy_the_robot/install/billy_the_robot/lib/billy_the_robot
[1.563s] Installing talker script to /home/ubuntu/Documents/billy_the_robot/install/billy_the_robot/lib/billy_the_robot
[1.571s] writing list of installed files to '/home/ubuntu/Documents/billy_the_robot/build/billy_the_robot/install.log'
[1.677s] Invoked command in '/home/ubuntu/Documents/billy_the_robot' returned '0': PYTHONPATH=/home/ubuntu/Documents/billy_the_robot/install/billy_the_robot/lib/python3.10/site-packages:${PYTHONPATH} /usr/bin/python3 setup.py egg_info --egg-base build/billy_the_robot build --build-base /home/ubuntu/Documents/billy_the_robot/build/billy_the_robot/build install --prefix /home/ubuntu/Documents/billy_the_robot/install/billy_the_robot --record /home/ubuntu/Documents/billy_the_robot/build/billy_the_robot/install.log --single-version-externally-managed
