[0.700s] DEBUG:colcon:Command line arguments: ['/usr/bin/colcon', 'build']
[0.700s] DEBUG:colcon:Parsed command line arguments: Namespace(log_base=None, log_level=None, verb_name='build', build_base='build', install_base='install', merge_install=False, symlink_install=False, test_result_base=None, continue_on_error=False, executor='parallel', parallel_workers=1, event_handlers=None, ignore_user_meta=False, metas=['./colcon.meta'], base_paths=['.'], packages_ignore=None, packages_ignore_regex=None, paths=None, packages_up_to=None, packages_up_to_regex=None, packages_above=None, packages_above_and_dependencies=None, packages_above_depth=None, packages_select_by_dep=None, packages_skip_by_dep=None, packages_skip_up_to=None, packages_select_build_failed=False, packages_skip_build_finished=False, packages_select_test_failures=False, packages_skip_test_passed=False, packages_select=None, packages_skip=None, packages_select_regex=None, packages_skip_regex=None, packages_start=None, packages_end=None, allow_overriding=[], cmake_args=None, cmake_target=None, cmake_target_skip_unavailable=False, cmake_clean_cache=False, cmake_clean_first=False, cmake_force_configure=False, ament_cmake_args=None, catkin_cmake_args=None, catkin_skip_building_tests=False, verb_parser=<colcon_defaults.argument_parser.defaults.DefaultArgumentsDecorator object at 0x7fcee040ecb0>, verb_extension=<colcon_core.verb.build.BuildVerb object at 0x7fcee072baf0>, main=<bound method BuildVerb.main of <colcon_core.verb.build.BuildVerb object at 0x7fcee072baf0>>)
[0.839s] Level 1:colcon.colcon_core.package_discovery:discover_packages(colcon_meta) check parameters
[0.839s] Level 1:colcon.colcon_core.package_discovery:discover_packages(recursive) check parameters
[0.839s] Level 1:colcon.colcon_core.package_discovery:discover_packages(ignore) check parameters
[0.839s] Level 1:colcon.colcon_core.package_discovery:discover_packages(path) check parameters
[0.839s] Level 1:colcon.colcon_core.package_discovery:discover_packages(colcon_meta) discover
[0.839s] Level 1:colcon.colcon_core.package_discovery:discover_packages(recursive) discover
[0.839s] INFO:colcon.colcon_core.package_discovery:Crawling recursively for packages in '/home/ubuntu/Documents/billy_the_robot'
[0.839s] Level 1:colcon.colcon_core.package_identification:_identify(.) by extensions ['ignore', 'ignore_ament_install']
[0.840s] Level 1:colcon.colcon_core.package_identification:_identify(.) by extension 'ignore'
[0.840s] Level 1:colcon.colcon_core.package_identification:_identify(.) by extension 'ignore_ament_install'
[0.840s] Level 1:colcon.colcon_core.package_identification:_identify(.) by extensions ['colcon_pkg']
[0.840s] Level 1:colcon.colcon_core.package_identification:_identify(.) by extension 'colcon_pkg'
[0.840s] Level 1:colcon.colcon_core.package_identification:_identify(.) by extensions ['colcon_meta']
[0.840s] Level 1:colcon.colcon_core.package_identification:_identify(.) by extension 'colcon_meta'
[0.840s] Level 1:colcon.colcon_core.package_identification:_identify(.) by extensions ['ros']
[0.840s] Level 1:colcon.colcon_core.package_identification:_identify(.) by extension 'ros'
[0.901s] DEBUG:colcon.colcon_core.package_identification:Package '.' with type 'ros.ament_python' and name 'billy_the_robot'
[0.901s] Level 1:colcon.colcon_core.package_discovery:discover_packages(recursive) using defaults
[0.901s] Level 1:colcon.colcon_core.package_discovery:discover_packages(ignore) discover
[0.901s] Level 1:colcon.colcon_core.package_discovery:discover_packages(ignore) using defaults
[0.901s] Level 1:colcon.colcon_core.package_discovery:discover_packages(path) discover
[0.901s] Level 1:colcon.colcon_core.package_discovery:discover_packages(path) using defaults
[1.013s] Level 1:colcon.colcon_core.package_discovery:discover_packages(prefix_path) check parameters
[1.013s] Level 1:colcon.colcon_core.package_discovery:discover_packages(prefix_path) discover
[1.039s] DEBUG:colcon.colcon_installed_package_information.package_discovery:Found 283 installed packages in /opt/ros/humble
[1.041s] Level 1:colcon.colcon_core.package_discovery:discover_packages(prefix_path) using defaults
[1.336s] Level 5:colcon.colcon_core.verb:set package 'billy_the_robot' build argument 'cmake_args' from command line to 'None'
[1.336s] Level 5:colcon.colcon_core.verb:set package 'billy_the_robot' build argument 'cmake_target' from command line to 'None'
[1.336s] Level 5:colcon.colcon_core.verb:set package 'billy_the_robot' build argument 'cmake_target_skip_unavailable' from command line to 'False'
[1.336s] Level 5:colcon.colcon_core.verb:set package 'billy_the_robot' build argument 'cmake_clean_cache' from command line to 'False'
[1.336s] Level 5:colcon.colcon_core.verb:set package 'billy_the_robot' build argument 'cmake_clean_first' from command line to 'False'
[1.336s] Level 5:colcon.colcon_core.verb:set package 'billy_the_robot' build argument 'cmake_force_configure' from command line to 'False'
[1.337s] Level 5:colcon.colcon_core.verb:set package 'billy_the_robot' build argument 'ament_cmake_args' from command line to 'None'
[1.337s] Level 5:colcon.colcon_core.verb:set package 'billy_the_robot' build argument 'catkin_cmake_args' from command line to 'None'
[1.337s] Level 5:colcon.colcon_core.verb:set package 'billy_the_robot' build argument 'catkin_skip_building_tests' from command line to 'False'
[1.337s] DEBUG:colcon.colcon_core.verb:Building package 'billy_the_robot' with the following arguments: {'ament_cmake_args': None, 'build_base': '/home/ubuntu/Documents/billy_the_robot/build/billy_the_robot', 'catkin_cmake_args': None, 'catkin_skip_building_tests': False, 'cmake_args': None, 'cmake_clean_cache': False, 'cmake_clean_first': False, 'cmake_force_configure': False, 'cmake_target': None, 'cmake_target_skip_unavailable': False, 'install_base': '/home/ubuntu/Documents/billy_the_robot/install/billy_the_robot', 'merge_install': False, 'path': '/home/ubuntu/Documents/billy_the_robot', 'symlink_install': False, 'test_result_base': None}
[1.337s] INFO:colcon.colcon_core.executor:Executing jobs using 'parallel' executor
[1.342s] DEBUG:colcon.colcon_parallel_executor.executor.parallel:run_until_complete
[1.342s] INFO:colcon.colcon_ros.task.ament_python.build:Building ROS package in '/home/ubuntu/Documents/billy_the_robot' with build type 'ament_python'
[1.342s] Level 1:colcon.colcon_core.shell:create_environment_hook('billy_the_robot', 'ament_prefix_path')
[1.363s] INFO:colcon.colcon_core.plugin_system:Skipping extension 'colcon_core.shell.bat': Not used on non-Windows systems
[1.363s] INFO:colcon.colcon_core.shell:Creating environment hook '/home/ubuntu/Documents/billy_the_robot/install/billy_the_robot/share/billy_the_robot/hook/ament_prefix_path.ps1'
[1.366s] INFO:colcon.colcon_core.shell:Creating environment descriptor '/home/ubuntu/Documents/billy_the_robot/install/billy_the_robot/share/billy_the_robot/hook/ament_prefix_path.dsv'
[1.369s] INFO:colcon.colcon_core.shell:Creating environment hook '/home/ubuntu/Documents/billy_the_robot/install/billy_the_robot/share/billy_the_robot/hook/ament_prefix_path.sh'
[1.375s] INFO:colcon.colcon_core.shell:Skip shell extension 'powershell' for command environment: Not usable outside of PowerShell
[1.375s] DEBUG:colcon.colcon_core.shell:Skip shell extension 'dsv' for command environment
[1.906s] INFO:colcon.colcon_core.task.python.build:Building Python package in '/home/ubuntu/Documents/billy_the_robot'
[1.908s] INFO:colcon.colcon_core.shell:Skip shell extension 'powershell' for command environment: Not usable outside of PowerShell
[1.909s] DEBUG:colcon.colcon_core.shell:Skip shell extension 'dsv' for command environment
[2.604s] DEBUG:colcon.colcon_core.event_handler.log_command:Invoking command in '/home/ubuntu/Documents/billy_the_robot': PYTHONPATH=/home/ubuntu/Documents/billy_the_robot/install/billy_the_robot/lib/python3.10/site-packages:${PYTHONPATH} /usr/bin/python3 setup.py egg_info --egg-base build/billy_the_robot build --build-base /home/ubuntu/Documents/billy_the_robot/build/billy_the_robot/build install --prefix /home/ubuntu/Documents/billy_the_robot/install/billy_the_robot --record /home/ubuntu/Documents/billy_the_robot/build/billy_the_robot/install.log --single-version-externally-managed
[3.182s] DEBUG:colcon.colcon_core.event_handler.log_command:Invoked command in '/home/ubuntu/Documents/billy_the_robot' returned '0': PYTHONPATH=/home/ubuntu/Documents/billy_the_robot/install/billy_the_robot/lib/python3.10/site-packages:${PYTHONPATH} /usr/bin/python3 setup.py egg_info --egg-base build/billy_the_robot build --build-base /home/ubuntu/Documents/billy_the_robot/build/billy_the_robot/build install --prefix /home/ubuntu/Documents/billy_the_robot/install/billy_the_robot --record /home/ubuntu/Documents/billy_the_robot/build/billy_the_robot/install.log --single-version-externally-managed
[3.205s] Level 1:colcon.colcon_core.environment:checking '/home/ubuntu/Documents/billy_the_robot/install/billy_the_robot' for CMake module files
[3.209s] Level 1:colcon.colcon_core.environment:checking '/home/ubuntu/Documents/billy_the_robot/install/billy_the_robot' for CMake config files
[3.211s] Level 1:colcon.colcon_core.environment:checking '/home/ubuntu/Documents/billy_the_robot/install/billy_the_robot/lib'
[3.211s] Level 1:colcon.colcon_core.environment:checking '/home/ubuntu/Documents/billy_the_robot/install/billy_the_robot/bin'
[3.211s] Level 1:colcon.colcon_core.environment:checking '/home/ubuntu/Documents/billy_the_robot/install/billy_the_robot/lib/pkgconfig/billy_the_robot.pc'
[3.211s] Level 1:colcon.colcon_core.environment:checking '/home/ubuntu/Documents/billy_the_robot/install/billy_the_robot/lib/python3.10/site-packages'
[3.211s] Level 1:colcon.colcon_core.shell:create_environment_hook('billy_the_robot', 'pythonpath')
[3.214s] INFO:colcon.colcon_core.shell:Creating environment hook '/home/ubuntu/Documents/billy_the_robot/install/billy_the_robot/share/billy_the_robot/hook/pythonpath.ps1'
[3.221s] INFO:colcon.colcon_core.shell:Creating environment descriptor '/home/ubuntu/Documents/billy_the_robot/install/billy_the_robot/share/billy_the_robot/hook/pythonpath.dsv'
[3.221s] INFO:colcon.colcon_core.shell:Creating environment hook '/home/ubuntu/Documents/billy_the_robot/install/billy_the_robot/share/billy_the_robot/hook/pythonpath.sh'
[3.223s] Level 1:colcon.colcon_core.environment:checking '/home/ubuntu/Documents/billy_the_robot/install/billy_the_robot/bin'
[3.223s] Level 1:colcon.colcon_core.environment:create_environment_scripts_only(billy_the_robot)
[3.227s] INFO:colcon.colcon_core.shell:Creating package script '/home/ubuntu/Documents/billy_the_robot/install/billy_the_robot/share/billy_the_robot/package.ps1'
[3.239s] INFO:colcon.colcon_core.shell:Creating package descriptor '/home/ubuntu/Documents/billy_the_robot/install/billy_the_robot/share/billy_the_robot/package.dsv'
[3.244s] INFO:colcon.colcon_core.shell:Creating package script '/home/ubuntu/Documents/billy_the_robot/install/billy_the_robot/share/billy_the_robot/package.sh'
[3.249s] INFO:colcon.colcon_core.shell:Creating package script '/home/ubuntu/Documents/billy_the_robot/install/billy_the_robot/share/billy_the_robot/package.bash'
[3.257s] INFO:colcon.colcon_core.shell:Creating package script '/home/ubuntu/Documents/billy_the_robot/install/billy_the_robot/share/billy_the_robot/package.zsh'
[3.260s] Level 1:colcon.colcon_core.environment:create_file_with_runtime_dependencies(/home/ubuntu/Documents/billy_the_robot/install/billy_the_robot/share/colcon-core/packages/billy_the_robot)
[3.264s] DEBUG:colcon.colcon_parallel_executor.executor.parallel:closing loop
[3.266s] DEBUG:colcon.colcon_parallel_executor.executor.parallel:loop closed
[3.266s] DEBUG:colcon.colcon_parallel_executor.executor.parallel:run_until_complete finished with '0'
[3.266s] DEBUG:colcon.colcon_core.event_reactor:joining thread
[3.308s] INFO:colcon.colcon_core.plugin_system:Skipping extension 'colcon_notification.desktop_notification.terminal_notifier': Not used on non-Darwin systems
[3.308s] INFO:colcon.colcon_core.plugin_system:Skipping extension 'colcon_notification.desktop_notification.win32': Not used on non-Windows systems
[3.308s] INFO:colcon.colcon_notification.desktop_notification:Sending desktop notification using 'notify2'
[3.440s] DEBUG:colcon.colcon_core.event_reactor:joined thread
[3.442s] INFO:colcon.colcon_core.shell:Creating prefix script '/home/ubuntu/Documents/billy_the_robot/install/local_setup.ps1'
[3.446s] INFO:colcon.colcon_core.shell:Creating prefix util module '/home/ubuntu/Documents/billy_the_robot/install/_local_setup_util_ps1.py'
[3.451s] INFO:colcon.colcon_core.shell:Creating prefix chain script '/home/ubuntu/Documents/billy_the_robot/install/setup.ps1'
[3.456s] INFO:colcon.colcon_core.shell:Creating prefix script '/home/ubuntu/Documents/billy_the_robot/install/local_setup.sh'
[3.458s] INFO:colcon.colcon_core.shell:Creating prefix util module '/home/ubuntu/Documents/billy_the_robot/install/_local_setup_util_sh.py'
[3.459s] INFO:colcon.colcon_core.shell:Creating prefix chain script '/home/ubuntu/Documents/billy_the_robot/install/setup.sh'
[3.466s] INFO:colcon.colcon_core.shell:Creating prefix script '/home/ubuntu/Documents/billy_the_robot/install/local_setup.bash'
[3.469s] INFO:colcon.colcon_core.shell:Creating prefix chain script '/home/ubuntu/Documents/billy_the_robot/install/setup.bash'
[3.473s] INFO:colcon.colcon_core.shell:Creating prefix script '/home/ubuntu/Documents/billy_the_robot/install/local_setup.zsh'
[3.475s] INFO:colcon.colcon_core.shell:Creating prefix chain script '/home/ubuntu/Documents/billy_the_robot/install/setup.zsh'
