[1.128s] Invoking command in '/home/ubuntu/Documents/billy_the_robot': PYTHONPATH=/home/ubuntu/Documents/billy_the_robot/install/billy_the_robot/lib/python3.10/site-packages:${PYTHONPATH} /usr/bin/python3 setup.py egg_info --egg-base build/billy_the_robot build --build-base /home/ubuntu/Documents/billy_the_robot/build/billy_the_robot/build install --prefix /home/ubuntu/Documents/billy_the_robot/install/billy_the_robot --record /home/ubuntu/Documents/billy_the_robot/build/billy_the_robot/install.log --single-version-externally-managed
[1.520s] running egg_info
[1.522s] writing build/billy_the_robot/billy_the_robot.egg-info/PKG-INFO
[1.524s] writing dependency_links to build/billy_the_robot/billy_the_robot.egg-info/dependency_links.txt
[1.525s] writing entry points to build/billy_the_robot/billy_the_robot.egg-info/entry_points.txt
[1.526s] writing requirements to build/billy_the_robot/billy_the_robot.egg-info/requires.txt
[1.526s] writing top-level names to build/billy_the_robot/billy_the_robot.egg-info/top_level.txt
[1.539s] reading manifest file 'build/billy_the_robot/billy_the_robot.egg-info/SOURCES.txt'
[1.541s] writing manifest file 'build/billy_the_robot/billy_the_robot.egg-info/SOURCES.txt'
[1.542s] running build
[1.542s] running build_py
[1.543s] copying billy_the_robot/my_billy_node.py -> /home/ubuntu/Documents/billy_the_robot/build/billy_the_robot/build/lib/billy_the_robot
[1.547s] running install
[1.547s] /usr/lib/python3/dist-packages/setuptools/command/install.py:34: SetuptoolsDeprecationWarning: setup.py install is deprecated. Use build and pip and other standards-based tools.
[1.548s]   warnings.warn(
[1.548s] running install_lib
[1.556s] copying /home/ubuntu/Documents/billy_the_robot/build/billy_the_robot/build/lib/billy_the_robot/my_billy_node.py -> /home/ubuntu/Documents/billy_the_robot/install/billy_the_robot/lib/python3.10/site-packages/billy_the_robot
[1.558s] byte-compiling /home/ubuntu/Documents/billy_the_robot/install/billy_the_robot/lib/python3.10/site-packages/billy_the_robot/my_billy_node.py to my_billy_node.cpython-310.pyc
[1.570s] running install_data
[1.575s] running install_egg_info
[1.580s] removing '/home/ubuntu/Documents/billy_the_robot/install/billy_the_robot/lib/python3.10/site-packages/billy_the_robot-0.0.0-py3.10.egg-info' (and everything under it)
[1.584s] Copying build/billy_the_robot/billy_the_robot.egg-info to /home/ubuntu/Documents/billy_the_robot/install/billy_the_robot/lib/python3.10/site-packages/billy_the_robot-0.0.0-py3.10.egg-info
[1.590s] running install_scripts
[1.649s] Installing listener script to /home/ubuntu/Documents/billy_the_robot/install/billy_the_robot/lib/billy_the_robot
[1.660s] Installing talker script to /home/ubuntu/Documents/billy_the_robot/install/billy_the_robot/lib/billy_the_robot
[1.671s] writing list of installed files to '/home/ubuntu/Documents/billy_the_robot/build/billy_the_robot/install.log'
[1.796s] Invoked command in '/home/ubuntu/Documents/billy_the_robot' returned '0': PYTHONPATH=/home/ubuntu/Documents/billy_the_robot/install/billy_the_robot/lib/python3.10/site-packages:${PYTHONPATH} /usr/bin/python3 setup.py egg_info --egg-base build/billy_the_robot build --build-base /home/ubuntu/Documents/billy_the_robot/build/billy_the_robot/build install --prefix /home/ubuntu/Documents/billy_the_robot/install/billy_the_robot --record /home/ubuntu/Documents/billy_the_robot/build/billy_the_robot/install.log --single-version-externally-managed
