[0.408s] DEBUG:colcon:Command line arguments: ['/usr/bin/colcon', 'build']
[0.408s] DEBUG:colcon:Parsed command line arguments: Namespace(log_base=None, log_level=None, verb_name='build', build_base='build', install_base='install', merge_install=False, symlink_install=False, test_result_base=None, continue_on_error=False, executor='parallel', parallel_workers=1, event_handlers=None, ignore_user_meta=False, metas=['./colcon.meta'], base_paths=['.'], packages_ignore=None, packages_ignore_regex=None, paths=None, packages_up_to=None, packages_up_to_regex=None, packages_above=None, packages_above_and_dependencies=None, packages_above_depth=None, packages_select_by_dep=None, packages_skip_by_dep=None, packages_skip_up_to=None, packages_select_build_failed=False, packages_skip_build_finished=False, packages_select_test_failures=False, packages_skip_test_passed=False, packages_select=None, packages_skip=None, packages_select_regex=None, packages_skip_regex=None, packages_start=None, packages_end=None, allow_overriding=[], cmake_args=None, cmake_target=None, cmake_target_skip_unavailable=False, cmake_clean_cache=False, cmake_clean_first=False, cmake_force_configure=False, ament_cmake_args=None, catkin_cmake_args=None, catkin_skip_building_tests=False, verb_parser=<colcon_defaults.argument_parser.defaults.DefaultArgumentsDecorator object at 0x7f24b5c0a860>, verb_extension=<colcon_core.verb.build.BuildVerb object at 0x7f24b65b24d0>, main=<bound method BuildVerb.main of <colcon_core.verb.build.BuildVerb object at 0x7f24b65b24d0>>)
[0.491s] Level 1:colcon.colcon_core.package_discovery:discover_packages(colcon_meta) check parameters
[0.491s] Level 1:colcon.colcon_core.package_discovery:discover_packages(recursive) check parameters
[0.491s] Level 1:colcon.colcon_core.package_discovery:discover_packages(ignore) check parameters
[0.492s] Level 1:colcon.colcon_core.package_discovery:discover_packages(path) check parameters
[0.492s] Level 1:colcon.colcon_core.package_discovery:discover_packages(colcon_meta) discover
[0.492s] Level 1:colcon.colcon_core.package_discovery:discover_packages(recursive) discover
[0.492s] INFO:colcon.colcon_core.package_discovery:Crawling recursively for packages in '/home/ubuntu/Documents/billy_the_robot/src/action_package'
[0.492s] Level 1:colcon.colcon_core.package_identification:_identify(.) by extensions ['ignore', 'ignore_ament_install']
[0.492s] Level 1:colcon.colcon_core.package_identification:_identify(.) by extension 'ignore'
[0.492s] Level 1:colcon.colcon_core.package_identification:_identify(.) by extension 'ignore_ament_install'
[0.492s] Level 1:colcon.colcon_core.package_identification:_identify(.) by extensions ['colcon_pkg']
[0.492s] Level 1:colcon.colcon_core.package_identification:_identify(.) by extension 'colcon_pkg'
[0.492s] Level 1:colcon.colcon_core.package_identification:_identify(.) by extensions ['colcon_meta']
[0.493s] Level 1:colcon.colcon_core.package_identification:_identify(.) by extension 'colcon_meta'
[0.493s] Level 1:colcon.colcon_core.package_identification:_identify(.) by extensions ['ros']
[0.493s] Level 1:colcon.colcon_core.package_identification:_identify(.) by extension 'ros'
[0.536s] DEBUG:colcon.colcon_core.package_identification:Package '.' with type 'ros.ament_cmake' and name 'action_package'
[0.537s] Level 1:colcon.colcon_core.package_discovery:discover_packages(recursive) using defaults
[0.537s] Level 1:colcon.colcon_core.package_discovery:discover_packages(ignore) discover
[0.537s] Level 1:colcon.colcon_core.package_discovery:discover_packages(ignore) using defaults
[0.537s] Level 1:colcon.colcon_core.package_discovery:discover_packages(path) discover
[0.537s] Level 1:colcon.colcon_core.package_discovery:discover_packages(path) using defaults
[0.606s] Level 1:colcon.colcon_core.package_discovery:discover_packages(prefix_path) check parameters
[0.606s] Level 1:colcon.colcon_core.package_discovery:discover_packages(prefix_path) discover
[0.630s] DEBUG:colcon.colcon_installed_package_information.package_discovery:Found 283 installed packages in /opt/ros/humble
[0.642s] Level 1:colcon.colcon_core.package_discovery:discover_packages(prefix_path) using defaults
[0.809s] Level 5:colcon.colcon_core.verb:set package 'action_package' build argument 'cmake_args' from command line to 'None'
[0.809s] Level 5:colcon.colcon_core.verb:set package 'action_package' build argument 'cmake_target' from command line to 'None'
[0.809s] Level 5:colcon.colcon_core.verb:set package 'action_package' build argument 'cmake_target_skip_unavailable' from command line to 'False'
[0.809s] Level 5:colcon.colcon_core.verb:set package 'action_package' build argument 'cmake_clean_cache' from command line to 'False'
[0.809s] Level 5:colcon.colcon_core.verb:set package 'action_package' build argument 'cmake_clean_first' from command line to 'False'
[0.809s] Level 5:colcon.colcon_core.verb:set package 'action_package' build argument 'cmake_force_configure' from command line to 'False'
[0.809s] Level 5:colcon.colcon_core.verb:set package 'action_package' build argument 'ament_cmake_args' from command line to 'None'
[0.809s] Level 5:colcon.colcon_core.verb:set package 'action_package' build argument 'catkin_cmake_args' from command line to 'None'
[0.809s] Level 5:colcon.colcon_core.verb:set package 'action_package' build argument 'catkin_skip_building_tests' from command line to 'False'
[0.809s] DEBUG:colcon.colcon_core.verb:Building package 'action_package' with the following arguments: {'ament_cmake_args': None, 'build_base': '/home/ubuntu/Documents/billy_the_robot/src/action_package/build/action_package', 'catkin_cmake_args': None, 'catkin_skip_building_tests': False, 'cmake_args': None, 'cmake_clean_cache': False, 'cmake_clean_first': False, 'cmake_force_configure': False, 'cmake_target': None, 'cmake_target_skip_unavailable': False, 'install_base': '/home/ubuntu/Documents/billy_the_robot/src/action_package/install/action_package', 'merge_install': False, 'path': '/home/ubuntu/Documents/billy_the_robot/src/action_package', 'symlink_install': False, 'test_result_base': None}
[0.810s] INFO:colcon.colcon_core.executor:Executing jobs using 'parallel' executor
[0.816s] DEBUG:colcon.colcon_parallel_executor.executor.parallel:run_until_complete
[0.816s] INFO:colcon.colcon_ros.task.ament_cmake.build:Building ROS package in '/home/ubuntu/Documents/billy_the_robot/src/action_package' with build type 'ament_cmake'
[0.816s] INFO:colcon.colcon_cmake.task.cmake.build:Building CMake package in '/home/ubuntu/Documents/billy_the_robot/src/action_package'
[0.822s] INFO:colcon.colcon_core.plugin_system:Skipping extension 'colcon_core.shell.bat': Not used on non-Windows systems
[0.822s] INFO:colcon.colcon_core.shell:Skip shell extension 'powershell' for command environment: Not usable outside of PowerShell
[0.822s] DEBUG:colcon.colcon_core.shell:Skip shell extension 'dsv' for command environment
[0.836s] DEBUG:colcon.colcon_core.event_handler.log_command:Invoking command in '/home/ubuntu/Documents/billy_the_robot/src/action_package/build/action_package': CMAKE_PREFIX_PATH=/opt/ros/humble /usr/bin/cmake /home/ubuntu/Documents/billy_the_robot/src/action_package -DCMAKE_INSTALL_PREFIX=/home/ubuntu/Documents/billy_the_robot/src/action_package/install/action_package
[3.805s] DEBUG:colcon.colcon_core.event_handler.log_command:Invoked command in '/home/ubuntu/Documents/billy_the_robot/src/action_package/build/action_package' returned '0': CMAKE_PREFIX_PATH=/opt/ros/humble /usr/bin/cmake /home/ubuntu/Documents/billy_the_robot/src/action_package -DCMAKE_INSTALL_PREFIX=/home/ubuntu/Documents/billy_the_robot/src/action_package/install/action_package
[3.805s] DEBUG:colcon.colcon_core.event_handler.log_command:Invoking command in '/home/ubuntu/Documents/billy_the_robot/src/action_package/build/action_package': CMAKE_PREFIX_PATH=/opt/ros/humble /usr/bin/cmake --build /home/ubuntu/Documents/billy_the_robot/src/action_package/build/action_package -- -j1 -l1
[15.914s] DEBUG:colcon.colcon_core.event_handler.log_command:Invoked command in '/home/ubuntu/Documents/billy_the_robot/src/action_package/build/action_package' returned '0': CMAKE_PREFIX_PATH=/opt/ros/humble /usr/bin/cmake --build /home/ubuntu/Documents/billy_the_robot/src/action_package/build/action_package -- -j1 -l1
[16.073s] DEBUG:colcon.colcon_core.event_handler.log_command:Invoking command in '/home/ubuntu/Documents/billy_the_robot/src/action_package/build/action_package': CMAKE_PREFIX_PATH=/opt/ros/humble /usr/bin/cmake --install /home/ubuntu/Documents/billy_the_robot/src/action_package/build/action_package
[16.374s] Level 1:colcon.colcon_core.environment:create_environment_scripts_only(action_package)
[16.376s] DEBUG:colcon.colcon_core.event_handler.log_command:Invoked command in '/home/ubuntu/Documents/billy_the_robot/src/action_package/build/action_package' returned '0': CMAKE_PREFIX_PATH=/opt/ros/humble /usr/bin/cmake --install /home/ubuntu/Documents/billy_the_robot/src/action_package/build/action_package
[16.383s] Level 1:colcon.colcon_core.environment:checking '/home/ubuntu/Documents/billy_the_robot/src/action_package/install/action_package' for CMake module files
[16.384s] Level 1:colcon.colcon_core.environment:checking '/home/ubuntu/Documents/billy_the_robot/src/action_package/install/action_package' for CMake config files
[16.384s] Level 1:colcon.colcon_core.shell:create_environment_hook('action_package', 'cmake_prefix_path')
[16.385s] INFO:colcon.colcon_core.shell:Creating environment hook '/home/ubuntu/Documents/billy_the_robot/src/action_package/install/action_package/share/action_package/hook/cmake_prefix_path.ps1'
[16.386s] INFO:colcon.colcon_core.shell:Creating environment descriptor '/home/ubuntu/Documents/billy_the_robot/src/action_package/install/action_package/share/action_package/hook/cmake_prefix_path.dsv'
[16.387s] INFO:colcon.colcon_core.shell:Creating environment hook '/home/ubuntu/Documents/billy_the_robot/src/action_package/install/action_package/share/action_package/hook/cmake_prefix_path.sh'
[16.387s] Level 1:colcon.colcon_core.environment:checking '/home/ubuntu/Documents/billy_the_robot/src/action_package/install/action_package/lib'
[16.388s] Level 1:colcon.colcon_core.shell:create_environment_hook('action_package', 'ld_library_path_lib')
[16.390s] INFO:colcon.colcon_core.shell:Creating environment hook '/home/ubuntu/Documents/billy_the_robot/src/action_package/install/action_package/share/action_package/hook/ld_library_path_lib.ps1'
[16.390s] INFO:colcon.colcon_core.shell:Creating environment descriptor '/home/ubuntu/Documents/billy_the_robot/src/action_package/install/action_package/share/action_package/hook/ld_library_path_lib.dsv'
[16.391s] INFO:colcon.colcon_core.shell:Creating environment hook '/home/ubuntu/Documents/billy_the_robot/src/action_package/install/action_package/share/action_package/hook/ld_library_path_lib.sh'
[16.391s] Level 1:colcon.colcon_core.environment:checking '/home/ubuntu/Documents/billy_the_robot/src/action_package/install/action_package/bin'
[16.391s] Level 1:colcon.colcon_core.environment:checking '/home/ubuntu/Documents/billy_the_robot/src/action_package/install/action_package/lib/pkgconfig/action_package.pc'
[16.391s] Level 1:colcon.colcon_core.environment:checking '/home/ubuntu/Documents/billy_the_robot/src/action_package/install/action_package/lib/python3.10/site-packages'
[16.401s] Level 1:colcon.colcon_core.environment:checking '/home/ubuntu/Documents/billy_the_robot/src/action_package/install/action_package/bin'
[16.403s] INFO:colcon.colcon_core.shell:Creating package script '/home/ubuntu/Documents/billy_the_robot/src/action_package/install/action_package/share/action_package/package.ps1'
[16.412s] INFO:colcon.colcon_core.shell:Creating package descriptor '/home/ubuntu/Documents/billy_the_robot/src/action_package/install/action_package/share/action_package/package.dsv'
[16.413s] INFO:colcon.colcon_core.shell:Creating package script '/home/ubuntu/Documents/billy_the_robot/src/action_package/install/action_package/share/action_package/package.sh'
[16.414s] INFO:colcon.colcon_core.shell:Creating package script '/home/ubuntu/Documents/billy_the_robot/src/action_package/install/action_package/share/action_package/package.bash'
[16.415s] INFO:colcon.colcon_core.shell:Creating package script '/home/ubuntu/Documents/billy_the_robot/src/action_package/install/action_package/share/action_package/package.zsh'
[16.415s] Level 1:colcon.colcon_core.environment:create_file_with_runtime_dependencies(/home/ubuntu/Documents/billy_the_robot/src/action_package/install/action_package/share/colcon-core/packages/action_package)
[16.561s] Level 1:colcon.colcon_core.environment:create_environment_scripts_only(action_package)
[16.563s] Level 1:colcon.colcon_core.environment:checking '/home/ubuntu/Documents/billy_the_robot/src/action_package/install/action_package' for CMake module files
[16.568s] Level 1:colcon.colcon_core.environment:checking '/home/ubuntu/Documents/billy_the_robot/src/action_package/install/action_package' for CMake config files
[16.569s] Level 1:colcon.colcon_core.shell:create_environment_hook('action_package', 'cmake_prefix_path')
[16.571s] INFO:colcon.colcon_core.shell:Creating environment hook '/home/ubuntu/Documents/billy_the_robot/src/action_package/install/action_package/share/action_package/hook/cmake_prefix_path.ps1'
[16.589s] INFO:colcon.colcon_core.shell:Creating environment descriptor '/home/ubuntu/Documents/billy_the_robot/src/action_package/install/action_package/share/action_package/hook/cmake_prefix_path.dsv'
[16.591s] INFO:colcon.colcon_core.shell:Creating environment hook '/home/ubuntu/Documents/billy_the_robot/src/action_package/install/action_package/share/action_package/hook/cmake_prefix_path.sh'
[16.593s] Level 1:colcon.colcon_core.environment:checking '/home/ubuntu/Documents/billy_the_robot/src/action_package/install/action_package/lib'
[16.593s] Level 1:colcon.colcon_core.shell:create_environment_hook('action_package', 'ld_library_path_lib')
[16.602s] INFO:colcon.colcon_core.shell:Creating environment hook '/home/ubuntu/Documents/billy_the_robot/src/action_package/install/action_package/share/action_package/hook/ld_library_path_lib.ps1'
[16.609s] INFO:colcon.colcon_core.shell:Creating environment descriptor '/home/ubuntu/Documents/billy_the_robot/src/action_package/install/action_package/share/action_package/hook/ld_library_path_lib.dsv'
[16.610s] INFO:colcon.colcon_core.shell:Creating environment hook '/home/ubuntu/Documents/billy_the_robot/src/action_package/install/action_package/share/action_package/hook/ld_library_path_lib.sh'
[16.616s] Level 1:colcon.colcon_core.environment:checking '/home/ubuntu/Documents/billy_the_robot/src/action_package/install/action_package/bin'
[16.616s] Level 1:colcon.colcon_core.environment:checking '/home/ubuntu/Documents/billy_the_robot/src/action_package/install/action_package/lib/pkgconfig/action_package.pc'
[16.616s] Level 1:colcon.colcon_core.environment:checking '/home/ubuntu/Documents/billy_the_robot/src/action_package/install/action_package/lib/python3.10/site-packages'
[16.616s] Level 1:colcon.colcon_core.environment:checking '/home/ubuntu/Documents/billy_the_robot/src/action_package/install/action_package/bin'
[16.618s] INFO:colcon.colcon_core.shell:Creating package script '/home/ubuntu/Documents/billy_the_robot/src/action_package/install/action_package/share/action_package/package.ps1'
[16.625s] INFO:colcon.colcon_core.shell:Creating package descriptor '/home/ubuntu/Documents/billy_the_robot/src/action_package/install/action_package/share/action_package/package.dsv'
[16.628s] INFO:colcon.colcon_core.shell:Creating package script '/home/ubuntu/Documents/billy_the_robot/src/action_package/install/action_package/share/action_package/package.sh'
[16.632s] INFO:colcon.colcon_core.shell:Creating package script '/home/ubuntu/Documents/billy_the_robot/src/action_package/install/action_package/share/action_package/package.bash'
[16.632s] INFO:colcon.colcon_core.shell:Creating package script '/home/ubuntu/Documents/billy_the_robot/src/action_package/install/action_package/share/action_package/package.zsh'
[16.635s] Level 1:colcon.colcon_core.environment:create_file_with_runtime_dependencies(/home/ubuntu/Documents/billy_the_robot/src/action_package/install/action_package/share/colcon-core/packages/action_package)
[16.638s] DEBUG:colcon.colcon_parallel_executor.executor.parallel:closing loop
[16.639s] DEBUG:colcon.colcon_parallel_executor.executor.parallel:loop closed
[16.639s] DEBUG:colcon.colcon_parallel_executor.executor.parallel:run_until_complete finished with '0'
[16.639s] DEBUG:colcon.colcon_core.event_reactor:joining thread
[16.670s] INFO:colcon.colcon_core.plugin_system:Skipping extension 'colcon_notification.desktop_notification.terminal_notifier': Not used on non-Darwin systems
[16.680s] INFO:colcon.colcon_core.plugin_system:Skipping extension 'colcon_notification.desktop_notification.win32': Not used on non-Windows systems
[16.680s] INFO:colcon.colcon_notification.desktop_notification:Sending desktop notification using 'notify2'
[16.741s] DEBUG:colcon.colcon_core.event_reactor:joined thread
[16.743s] INFO:colcon.colcon_core.shell:Creating prefix script '/home/ubuntu/Documents/billy_the_robot/src/action_package/install/local_setup.ps1'
[16.744s] INFO:colcon.colcon_core.shell:Creating prefix util module '/home/ubuntu/Documents/billy_the_robot/src/action_package/install/_local_setup_util_ps1.py'
[16.748s] INFO:colcon.colcon_core.shell:Creating prefix chain script '/home/ubuntu/Documents/billy_the_robot/src/action_package/install/setup.ps1'
[16.749s] INFO:colcon.colcon_core.shell:Creating prefix script '/home/ubuntu/Documents/billy_the_robot/src/action_package/install/local_setup.sh'
[16.750s] INFO:colcon.colcon_core.shell:Creating prefix util module '/home/ubuntu/Documents/billy_the_robot/src/action_package/install/_local_setup_util_sh.py'
[16.751s] INFO:colcon.colcon_core.shell:Creating prefix chain script '/home/ubuntu/Documents/billy_the_robot/src/action_package/install/setup.sh'
[16.761s] INFO:colcon.colcon_core.shell:Creating prefix script '/home/ubuntu/Documents/billy_the_robot/src/action_package/install/local_setup.bash'
[16.762s] INFO:colcon.colcon_core.shell:Creating prefix chain script '/home/ubuntu/Documents/billy_the_robot/src/action_package/install/setup.bash'
[16.763s] INFO:colcon.colcon_core.shell:Creating prefix script '/home/ubuntu/Documents/billy_the_robot/src/action_package/install/local_setup.zsh'
[16.763s] INFO:colcon.colcon_core.shell:Creating prefix chain script '/home/ubuntu/Documents/billy_the_robot/src/action_package/install/setup.zsh'
