-- The C compiler identification is GNU 11.2.0
-- The CXX compiler identification is GNU 11.2.0
-- Detecting C compiler ABI info
-- Detecting C compiler ABI info - done
-- Check for working C compiler: /usr/bin/cc - skipped
-- Detecting C compile features
-- Detecting C compile features - done
-- Detecting CXX compiler ABI info
-- Detecting CXX compiler ABI info - done
-- Check for working CXX compiler: /usr/bin/c++ - skipped
-- Detecting CXX compile features
-- Detecting CXX compile features - done
-- Found ament_cmake: 1.3.2 (/opt/ros/humble/share/ament_cmake/cmake)
-- Found Python3: /usr/bin/python3.10 (found version "3.10.6") found components: Interpreter 
-- Found ament_lint_auto: 0.12.4 (/opt/ros/humble/share/ament_lint_auto/cmake)
-- Found rosidl_default_generators: 1.2.0 (/opt/ros/humble/share/rosidl_default_generators/cmake)
-- Using all available rosidl_typesupport_c: rosidl_typesupport_fastrtps_c;rosidl_typesupport_introspection_c
-- Found rosidl_adapter: 3.1.3 (/opt/ros/humble/share/rosidl_adapter/cmake)
-- Using all available rosidl_typesupport_cpp: rosidl_typesupport_fastrtps_cpp;rosidl_typesupport_introspection_cpp
-- Found ament_cmake_ros: 0.10.0 (/opt/ros/humble/share/ament_cmake_ros/cmake)
-- Using all available rosidl_typesupport_c: rosidl_typesupport_fastrtps_c;rosidl_typesupport_introspection_c
-- Using all available rosidl_typesupport_cpp: rosidl_typesupport_fastrtps_cpp;rosidl_typesupport_introspection_cpp
-- Found PythonInterp: /usr/bin/python3 (found suitable version "3.10.6", minimum required is "3.6") 
-- Found python_cmake_module: 0.10.0 (/opt/ros/humble/share/python_cmake_module/cmake)
-- Found PythonLibs: /usr/lib/x86_64-linux-gnu/libpython3.10.so (found suitable version "3.10.6", minimum required is "3.5") 
-- Using PYTHON_EXECUTABLE: /usr/bin/python3
-- Using PYTHON_INCLUDE_DIRS: /usr/include/python3.10
-- Using PYTHON_LIBRARIES: /usr/lib/x86_64-linux-gnu/libpython3.10.so
-- Found PythonExtra: .so  
-- Added test 'cppcheck' to perform static code analysis on C / C++ code
-- Configured cppcheck include dirs: $<BUILD_INTERFACE:/home/ubuntu/Documents/billy_the_robot/src/action_package/build/action_package/rosidl_generator_c>;$<BUILD_INTERFACE:/home/ubuntu/Documents/billy_the_robot/src/action_package/build/action_package/rosidl_typesupport_fastrtps_c>;$<BUILD_INTERFACE:/home/ubuntu/Documents/billy_the_robot/src/action_package/build/action_package/rosidl_typesupport_introspection_c>;$<BUILD_INTERFACE:/home/ubuntu/Documents/billy_the_robot/src/action_package/build/action_package/rosidl_generator_cpp>;$<BUILD_INTERFACE:/home/ubuntu/Documents/billy_the_robot/src/action_package/build/action_package/rosidl_typesupport_fastrtps_cpp>;$<BUILD_INTERFACE:/home/ubuntu/Documents/billy_the_robot/src/action_package/build/action_package/rosidl_typesupport_introspection_cpp>;/home/ubuntu/Documents/billy_the_robot/src/action_package/build/action_package/rosidl_generator_c;/home/ubuntu/Documents/billy_the_robot/src/action_package/build/action_package/rosidl_generator_py
-- Configured cppcheck exclude dirs and/or files: 
-- Added test 'flake8' to check Python code syntax and style conventions
-- Added test 'lint_cmake' to check CMake code style
-- Added test 'pep257' to check Python code against some of the docstring style conventions in PEP 257
-- Added test 'uncrustify' to check C / C++ code style
-- Configured uncrustify additional arguments: 
-- Added test 'xmllint' to check XML markup files
-- Configuring done
-- Generating done
-- Build files have been written to: /home/ubuntu/Documents/billy_the_robot/src/action_package/build/action_package
[  3%] [34m[1mGenerating C++ code for ROS interfaces[0m
[  3%] Built target action_package__cpp
[  6%] [34m[1mGenerating C++ type support dispatch for ROS interfaces[0m
[  9%] [32mBuilding CXX object CMakeFiles/action_package__rosidl_typesupport_cpp.dir/rosidl_typesupport_cpp/action_package/action/fibonacci__type_support.cpp.o[0m
[ 12%] [32m[1mLinking CXX shared library libaction_package__rosidl_typesupport_cpp.so[0m
[ 12%] Built target action_package__rosidl_typesupport_cpp
[ 16%] [34m[1mGenerating C code for ROS interfaces[0m
[ 19%] [32mBuilding C object CMakeFiles/action_package__rosidl_generator_c.dir/rosidl_generator_c/action_package/action/detail/fibonacci__functions.c.o[0m
[ 22%] [32m[1mLinking C shared library libaction_package__rosidl_generator_c.so[0m
[ 22%] Built target action_package__rosidl_generator_c
[ 25%] [34m[1mGenerating C type support for eProsima Fast-RTPS[0m
[ 29%] [32mBuilding CXX object CMakeFiles/action_package__rosidl_typesupport_fastrtps_c.dir/rosidl_typesupport_fastrtps_c/action_package/action/detail/fibonacci__type_support_c.cpp.o[0m
[ 32%] [32m[1mLinking CXX shared library libaction_package__rosidl_typesupport_fastrtps_c.so[0m
[ 32%] Built target action_package__rosidl_typesupport_fastrtps_c
[ 35%] [34m[1mGenerating C introspection for ROS interfaces[0m
[ 38%] [32mBuilding C object CMakeFiles/action_package__rosidl_typesupport_introspection_c.dir/rosidl_typesupport_introspection_c/action_package/action/detail/fibonacci__type_support.c.o[0m
[ 41%] [32m[1mLinking C shared library libaction_package__rosidl_typesupport_introspection_c.so[0m
[ 41%] Built target action_package__rosidl_typesupport_introspection_c
[ 45%] [34m[1mGenerating C type support dispatch for ROS interfaces[0m
[ 48%] [32mBuilding CXX object CMakeFiles/action_package__rosidl_typesupport_c.dir/rosidl_typesupport_c/action_package/action/fibonacci__type_support.cpp.o[0m
[ 51%] [32m[1mLinking CXX shared library libaction_package__rosidl_typesupport_c.so[0m
[ 51%] Built target action_package__rosidl_typesupport_c
[ 54%] [34m[1mGenerating C++ type support for eProsima Fast-RTPS[0m
[ 58%] [32mBuilding CXX object CMakeFiles/action_package__rosidl_typesupport_fastrtps_cpp.dir/rosidl_typesupport_fastrtps_cpp/action_package/action/detail/dds_fastrtps/fibonacci__type_support.cpp.o[0m
[ 61%] [32m[1mLinking CXX shared library libaction_package__rosidl_typesupport_fastrtps_cpp.so[0m
[ 61%] Built target action_package__rosidl_typesupport_fastrtps_cpp
[ 64%] [34m[1mGenerating C++ introspection for ROS interfaces[0m
[ 67%] [32mBuilding CXX object CMakeFiles/action_package__rosidl_typesupport_introspection_cpp.dir/rosidl_typesupport_introspection_cpp/action_package/action/detail/fibonacci__type_support.cpp.o[0m
[ 70%] [32m[1mLinking CXX shared library libaction_package__rosidl_typesupport_introspection_cpp.so[0m
[ 70%] Built target action_package__rosidl_typesupport_introspection_cpp
[ 70%] Built target action_package
[ 70%] Built target ament_cmake_python_copy_action_package
running egg_info
creating action_package.egg-info
writing action_package.egg-info/PKG-INFO
writing dependency_links to action_package.egg-info/dependency_links.txt
writing top-level names to action_package.egg-info/top_level.txt
writing manifest file 'action_package.egg-info/SOURCES.txt'
reading manifest file 'action_package.egg-info/SOURCES.txt'
writing manifest file 'action_package.egg-info/SOURCES.txt'
[ 70%] Built target ament_cmake_python_build_action_package_egg
[ 74%] [34m[1mGenerating Python code for ROS interfaces[0m
[ 74%] Built target action_package__py
[ 77%] [32mBuilding C object CMakeFiles/action_package__rosidl_generator_py.dir/rosidl_generator_py/action_package/action/_fibonacci_s.c.o[0m
[ 80%] [32m[1mLinking C shared library rosidl_generator_py/action_package/libaction_package__rosidl_generator_py.so[0m
[ 80%] Built target action_package__rosidl_generator_py
[ 83%] [32mBuilding C object CMakeFiles/action_package__rosidl_typesupport_fastrtps_c__pyext.dir/rosidl_generator_py/action_package/_action_package_s.ep.rosidl_typesupport_fastrtps_c.c.o[0m
[ 87%] [32m[1mLinking C shared library rosidl_generator_py/action_package/action_package_s__rosidl_typesupport_fastrtps_c.cpython-310-x86_64-linux-gnu.so[0m
[ 87%] Built target action_package__rosidl_typesupport_fastrtps_c__pyext
[ 90%] [32mBuilding C object CMakeFiles/action_package__rosidl_typesupport_introspection_c__pyext.dir/rosidl_generator_py/action_package/_action_package_s.ep.rosidl_typesupport_introspection_c.c.o[0m
[ 93%] [32m[1mLinking C shared library rosidl_generator_py/action_package/action_package_s__rosidl_typesupport_introspection_c.cpython-310-x86_64-linux-gnu.so[0m
[ 93%] Built target action_package__rosidl_typesupport_introspection_c__pyext
[ 96%] [32mBuilding C object CMakeFiles/action_package__rosidl_typesupport_c__pyext.dir/rosidl_generator_py/action_package/_action_package_s.ep.rosidl_typesupport_c.c.o[0m
[100%] [32m[1mLinking C shared library rosidl_generator_py/action_package/action_package_s__rosidl_typesupport_c.cpython-310-x86_64-linux-gnu.so[0m
[100%] Built target action_package__rosidl_typesupport_c__pyext
-- Install configuration: ""
-- Installing: /home/ubuntu/Documents/billy_the_robot/src/action_package/install/action_package/share/ament_index/resource_index/rosidl_interfaces/action_package
-- Installing: /home/ubuntu/Documents/billy_the_robot/src/action_package/install/action_package/include/action_package/action_package
-- Installing: /home/ubuntu/Documents/billy_the_robot/src/action_package/install/action_package/include/action_package/action_package/msg
-- Installing: /home/ubuntu/Documents/billy_the_robot/src/action_package/install/action_package/include/action_package/action_package/msg/rosidl_generator_c__visibility_control.h
-- Installing: /home/ubuntu/Documents/billy_the_robot/src/action_package/install/action_package/include/action_package/action_package/action
-- Installing: /home/ubuntu/Documents/billy_the_robot/src/action_package/install/action_package/include/action_package/action_package/action/detail
-- Installing: /home/ubuntu/Documents/billy_the_robot/src/action_package/install/action_package/include/action_package/action_package/action/detail/fibonacci__functions.h
-- Installing: /home/ubuntu/Documents/billy_the_robot/src/action_package/install/action_package/include/action_package/action_package/action/detail/fibonacci__struct.h
-- Installing: /home/ubuntu/Documents/billy_the_robot/src/action_package/install/action_package/include/action_package/action_package/action/detail/fibonacci__type_support.h
-- Installing: /home/ubuntu/Documents/billy_the_robot/src/action_package/install/action_package/include/action_package/action_package/action/detail/fibonacci__functions.c
-- Installing: /home/ubuntu/Documents/billy_the_robot/src/action_package/install/action_package/include/action_package/action_package/action/fibonacci.h
-- Installing: /home/ubuntu/Documents/billy_the_robot/src/action_package/install/action_package/share/action_package/environment/library_path.sh
-- Installing: /home/ubuntu/Documents/billy_the_robot/src/action_package/install/action_package/share/action_package/environment/library_path.dsv
-- Installing: /home/ubuntu/Documents/billy_the_robot/src/action_package/install/action_package/lib/libaction_package__rosidl_generator_c.so
-- Set runtime path of "/home/ubuntu/Documents/billy_the_robot/src/action_package/install/action_package/lib/libaction_package__rosidl_generator_c.so" to ""
-- Up-to-date: /home/ubuntu/Documents/billy_the_robot/src/action_package/install/action_package/include/action_package/action_package
-- Up-to-date: /home/ubuntu/Documents/billy_the_robot/src/action_package/install/action_package/include/action_package/action_package/msg
-- Installing: /home/ubuntu/Documents/billy_the_robot/src/action_package/install/action_package/include/action_package/action_package/msg/rosidl_typesupport_fastrtps_c__visibility_control.h
-- Up-to-date: /home/ubuntu/Documents/billy_the_robot/src/action_package/install/action_package/include/action_package/action_package/action
-- Up-to-date: /home/ubuntu/Documents/billy_the_robot/src/action_package/install/action_package/include/action_package/action_package/action/detail
-- Installing: /home/ubuntu/Documents/billy_the_robot/src/action_package/install/action_package/include/action_package/action_package/action/detail/fibonacci__rosidl_typesupport_fastrtps_c.h
-- Installing: /home/ubuntu/Documents/billy_the_robot/src/action_package/install/action_package/lib/libaction_package__rosidl_typesupport_fastrtps_c.so
-- Set runtime path of "/home/ubuntu/Documents/billy_the_robot/src/action_package/install/action_package/lib/libaction_package__rosidl_typesupport_fastrtps_c.so" to ""
-- Up-to-date: /home/ubuntu/Documents/billy_the_robot/src/action_package/install/action_package/include/action_package/action_package
-- Up-to-date: /home/ubuntu/Documents/billy_the_robot/src/action_package/install/action_package/include/action_package/action_package/msg
-- Installing: /home/ubuntu/Documents/billy_the_robot/src/action_package/install/action_package/include/action_package/action_package/msg/rosidl_typesupport_introspection_c__visibility_control.h
-- Up-to-date: /home/ubuntu/Documents/billy_the_robot/src/action_package/install/action_package/include/action_package/action_package/action
-- Up-to-date: /home/ubuntu/Documents/billy_the_robot/src/action_package/install/action_package/include/action_package/action_package/action/detail
-- Installing: /home/ubuntu/Documents/billy_the_robot/src/action_package/install/action_package/include/action_package/action_package/action/detail/fibonacci__type_support.c
-- Installing: /home/ubuntu/Documents/billy_the_robot/src/action_package/install/action_package/include/action_package/action_package/action/detail/fibonacci__rosidl_typesupport_introspection_c.h
-- Installing: /home/ubuntu/Documents/billy_the_robot/src/action_package/install/action_package/lib/libaction_package__rosidl_typesupport_introspection_c.so
-- Set runtime path of "/home/ubuntu/Documents/billy_the_robot/src/action_package/install/action_package/lib/libaction_package__rosidl_typesupport_introspection_c.so" to ""
-- Installing: /home/ubuntu/Documents/billy_the_robot/src/action_package/install/action_package/lib/libaction_package__rosidl_typesupport_c.so
-- Set runtime path of "/home/ubuntu/Documents/billy_the_robot/src/action_package/install/action_package/lib/libaction_package__rosidl_typesupport_c.so" to ""
-- Up-to-date: /home/ubuntu/Documents/billy_the_robot/src/action_package/install/action_package/include/action_package/action_package
-- Up-to-date: /home/ubuntu/Documents/billy_the_robot/src/action_package/install/action_package/include/action_package/action_package/action
-- Up-to-date: /home/ubuntu/Documents/billy_the_robot/src/action_package/install/action_package/include/action_package/action_package/action/detail
-- Installing: /home/ubuntu/Documents/billy_the_robot/src/action_package/install/action_package/include/action_package/action_package/action/detail/fibonacci__builder.hpp
-- Installing: /home/ubuntu/Documents/billy_the_robot/src/action_package/install/action_package/include/action_package/action_package/action/detail/fibonacci__struct.hpp
-- Installing: /home/ubuntu/Documents/billy_the_robot/src/action_package/install/action_package/include/action_package/action_package/action/detail/fibonacci__traits.hpp
-- Installing: /home/ubuntu/Documents/billy_the_robot/src/action_package/install/action_package/include/action_package/action_package/action/fibonacci.hpp
-- Up-to-date: /home/ubuntu/Documents/billy_the_robot/src/action_package/install/action_package/include/action_package/action_package
-- Up-to-date: /home/ubuntu/Documents/billy_the_robot/src/action_package/install/action_package/include/action_package/action_package/msg
-- Installing: /home/ubuntu/Documents/billy_the_robot/src/action_package/install/action_package/include/action_package/action_package/msg/rosidl_typesupport_fastrtps_cpp__visibility_control.h
-- Up-to-date: /home/ubuntu/Documents/billy_the_robot/src/action_package/install/action_package/include/action_package/action_package/action
-- Up-to-date: /home/ubuntu/Documents/billy_the_robot/src/action_package/install/action_package/include/action_package/action_package/action/detail
-- Installing: /home/ubuntu/Documents/billy_the_robot/src/action_package/install/action_package/include/action_package/action_package/action/detail/fibonacci__rosidl_typesupport_fastrtps_cpp.hpp
-- Installing: /home/ubuntu/Documents/billy_the_robot/src/action_package/install/action_package/include/action_package/action_package/action/detail/dds_fastrtps
-- Installing: /home/ubuntu/Documents/billy_the_robot/src/action_package/install/action_package/lib/libaction_package__rosidl_typesupport_fastrtps_cpp.so
-- Set runtime path of "/home/ubuntu/Documents/billy_the_robot/src/action_package/install/action_package/lib/libaction_package__rosidl_typesupport_fastrtps_cpp.so" to ""
-- Up-to-date: /home/ubuntu/Documents/billy_the_robot/src/action_package/install/action_package/include/action_package/action_package
-- Up-to-date: /home/ubuntu/Documents/billy_the_robot/src/action_package/install/action_package/include/action_package/action_package/action
-- Up-to-date: /home/ubuntu/Documents/billy_the_robot/src/action_package/install/action_package/include/action_package/action_package/action/detail
-- Installing: /home/ubuntu/Documents/billy_the_robot/src/action_package/install/action_package/include/action_package/action_package/action/detail/fibonacci__rosidl_typesupport_introspection_cpp.hpp
-- Installing: /home/ubuntu/Documents/billy_the_robot/src/action_package/install/action_package/include/action_package/action_package/action/detail/fibonacci__type_support.cpp
-- Installing: /home/ubuntu/Documents/billy_the_robot/src/action_package/install/action_package/lib/libaction_package__rosidl_typesupport_introspection_cpp.so
-- Set runtime path of "/home/ubuntu/Documents/billy_the_robot/src/action_package/install/action_package/lib/libaction_package__rosidl_typesupport_introspection_cpp.so" to ""
-- Installing: /home/ubuntu/Documents/billy_the_robot/src/action_package/install/action_package/lib/libaction_package__rosidl_typesupport_cpp.so
-- Set runtime path of "/home/ubuntu/Documents/billy_the_robot/src/action_package/install/action_package/lib/libaction_package__rosidl_typesupport_cpp.so" to ""
-- Installing: /home/ubuntu/Documents/billy_the_robot/src/action_package/install/action_package/share/action_package/environment/pythonpath.sh
-- Installing: /home/ubuntu/Documents/billy_the_robot/src/action_package/install/action_package/share/action_package/environment/pythonpath.dsv
-- Installing: /home/ubuntu/Documents/billy_the_robot/src/action_package/install/action_package/local/lib/python3.10/dist-packages/action_package-0.0.0-py3.10.egg-info
-- Installing: /home/ubuntu/Documents/billy_the_robot/src/action_package/install/action_package/local/lib/python3.10/dist-packages/action_package-0.0.0-py3.10.egg-info/dependency_links.txt
-- Installing: /home/ubuntu/Documents/billy_the_robot/src/action_package/install/action_package/local/lib/python3.10/dist-packages/action_package-0.0.0-py3.10.egg-info/SOURCES.txt
-- Installing: /home/ubuntu/Documents/billy_the_robot/src/action_package/install/action_package/local/lib/python3.10/dist-packages/action_package-0.0.0-py3.10.egg-info/PKG-INFO
-- Installing: /home/ubuntu/Documents/billy_the_robot/src/action_package/install/action_package/local/lib/python3.10/dist-packages/action_package-0.0.0-py3.10.egg-info/top_level.txt
-- Installing: /home/ubuntu/Documents/billy_the_robot/src/action_package/install/action_package/local/lib/python3.10/dist-packages/action_package
-- Installing: /home/ubuntu/Documents/billy_the_robot/src/action_package/install/action_package/local/lib/python3.10/dist-packages/action_package/libaction_package__rosidl_generator_py.so
-- Installing: /home/ubuntu/Documents/billy_the_robot/src/action_package/install/action_package/local/lib/python3.10/dist-packages/action_package/action_package_s__rosidl_typesupport_introspection_c.cpython-310-x86_64-linux-gnu.so
-- Installing: /home/ubuntu/Documents/billy_the_robot/src/action_package/install/action_package/local/lib/python3.10/dist-packages/action_package/_action_package_s.ep.rosidl_typesupport_fastrtps_c.c
-- Installing: /home/ubuntu/Documents/billy_the_robot/src/action_package/install/action_package/local/lib/python3.10/dist-packages/action_package/action
-- Installing: /home/ubuntu/Documents/billy_the_robot/src/action_package/install/action_package/local/lib/python3.10/dist-packages/action_package/action/__init__.py
-- Installing: /home/ubuntu/Documents/billy_the_robot/src/action_package/install/action_package/local/lib/python3.10/dist-packages/action_package/action/_fibonacci.py
-- Installing: /home/ubuntu/Documents/billy_the_robot/src/action_package/install/action_package/local/lib/python3.10/dist-packages/action_package/action/_fibonacci_s.c
-- Installing: /home/ubuntu/Documents/billy_the_robot/src/action_package/install/action_package/local/lib/python3.10/dist-packages/action_package/__init__.py
-- Installing: /home/ubuntu/Documents/billy_the_robot/src/action_package/install/action_package/local/lib/python3.10/dist-packages/action_package/_action_package_s.ep.rosidl_typesupport_c.c
-- Installing: /home/ubuntu/Documents/billy_the_robot/src/action_package/install/action_package/local/lib/python3.10/dist-packages/action_package/_action_package_s.ep.rosidl_typesupport_introspection_c.c
-- Installing: /home/ubuntu/Documents/billy_the_robot/src/action_package/install/action_package/local/lib/python3.10/dist-packages/action_package/action_package_s__rosidl_typesupport_fastrtps_c.cpython-310-x86_64-linux-gnu.so
-- Installing: /home/ubuntu/Documents/billy_the_robot/src/action_package/install/action_package/local/lib/python3.10/dist-packages/action_package/action_package_s__rosidl_typesupport_c.cpython-310-x86_64-linux-gnu.so
Listing '/home/ubuntu/Documents/billy_the_robot/src/action_package/install/action_package/local/lib/python3.10/dist-packages/action_package'...
Compiling '/home/ubuntu/Documents/billy_the_robot/src/action_package/install/action_package/local/lib/python3.10/dist-packages/action_package/__init__.py'...
Listing '/home/ubuntu/Documents/billy_the_robot/src/action_package/install/action_package/local/lib/python3.10/dist-packages/action_package/action'...
Compiling '/home/ubuntu/Documents/billy_the_robot/src/action_package/install/action_package/local/lib/python3.10/dist-packages/action_package/action/__init__.py'...
Compiling '/home/ubuntu/Documents/billy_the_robot/src/action_package/install/action_package/local/lib/python3.10/dist-packages/action_package/action/_fibonacci.py'...
-- Installing: /home/ubuntu/Documents/billy_the_robot/src/action_package/install/action_package/local/lib/python3.10/dist-packages/action_package/action_package_s__rosidl_typesupport_fastrtps_c.cpython-310-x86_64-linux-gnu.so
-- Set runtime path of "/home/ubuntu/Documents/billy_the_robot/src/action_package/install/action_package/local/lib/python3.10/dist-packages/action_package/action_package_s__rosidl_typesupport_fastrtps_c.cpython-310-x86_64-linux-gnu.so" to ""
-- Installing: /home/ubuntu/Documents/billy_the_robot/src/action_package/install/action_package/local/lib/python3.10/dist-packages/action_package/action_package_s__rosidl_typesupport_introspection_c.cpython-310-x86_64-linux-gnu.so
-- Set runtime path of "/home/ubuntu/Documents/billy_the_robot/src/action_package/install/action_package/local/lib/python3.10/dist-packages/action_package/action_package_s__rosidl_typesupport_introspection_c.cpython-310-x86_64-linux-gnu.so" to ""
-- Installing: /home/ubuntu/Documents/billy_the_robot/src/action_package/install/action_package/local/lib/python3.10/dist-packages/action_package/action_package_s__rosidl_typesupport_c.cpython-310-x86_64-linux-gnu.so
-- Set runtime path of "/home/ubuntu/Documents/billy_the_robot/src/action_package/install/action_package/local/lib/python3.10/dist-packages/action_package/action_package_s__rosidl_typesupport_c.cpython-310-x86_64-linux-gnu.so" to ""
-- Installing: /home/ubuntu/Documents/billy_the_robot/src/action_package/install/action_package/lib/libaction_package__rosidl_generator_py.so
-- Set runtime path of "/home/ubuntu/Documents/billy_the_robot/src/action_package/install/action_package/lib/libaction_package__rosidl_generator_py.so" to ""
-- Installing: /home/ubuntu/Documents/billy_the_robot/src/action_package/install/action_package/share/action_package/action/Fibonacci.idl
-- Installing: /home/ubuntu/Documents/billy_the_robot/src/action_package/install/action_package/share/action_package/action/Fibonacci.action
-- Installing: /home/ubuntu/Documents/billy_the_robot/src/action_package/install/action_package/share/ament_index/resource_index/package_run_dependencies/action_package
-- Installing: /home/ubuntu/Documents/billy_the_robot/src/action_package/install/action_package/share/ament_index/resource_index/parent_prefix_path/action_package
-- Installing: /home/ubuntu/Documents/billy_the_robot/src/action_package/install/action_package/share/action_package/environment/ament_prefix_path.sh
-- Installing: /home/ubuntu/Documents/billy_the_robot/src/action_package/install/action_package/share/action_package/environment/ament_prefix_path.dsv
-- Installing: /home/ubuntu/Documents/billy_the_robot/src/action_package/install/action_package/share/action_package/environment/path.sh
-- Installing: /home/ubuntu/Documents/billy_the_robot/src/action_package/install/action_package/share/action_package/environment/path.dsv
-- Installing: /home/ubuntu/Documents/billy_the_robot/src/action_package/install/action_package/share/action_package/local_setup.bash
-- Installing: /home/ubuntu/Documents/billy_the_robot/src/action_package/install/action_package/share/action_package/local_setup.sh
-- Installing: /home/ubuntu/Documents/billy_the_robot/src/action_package/install/action_package/share/action_package/local_setup.zsh
-- Installing: /home/ubuntu/Documents/billy_the_robot/src/action_package/install/action_package/share/action_package/local_setup.dsv
-- Installing: /home/ubuntu/Documents/billy_the_robot/src/action_package/install/action_package/share/action_package/package.dsv
-- Installing: /home/ubuntu/Documents/billy_the_robot/src/action_package/install/action_package/share/ament_index/resource_index/packages/action_package
-- Installing: /home/ubuntu/Documents/billy_the_robot/src/action_package/install/action_package/share/action_package/cmake/export_action_package__rosidl_generator_cExport.cmake
-- Installing: /home/ubuntu/Documents/billy_the_robot/src/action_package/install/action_package/share/action_package/cmake/export_action_package__rosidl_generator_cExport-noconfig.cmake
-- Installing: /home/ubuntu/Documents/billy_the_robot/src/action_package/install/action_package/share/action_package/cmake/export_action_package__rosidl_typesupport_fastrtps_cExport.cmake
-- Installing: /home/ubuntu/Documents/billy_the_robot/src/action_package/install/action_package/share/action_package/cmake/export_action_package__rosidl_typesupport_fastrtps_cExport-noconfig.cmake
-- Installing: /home/ubuntu/Documents/billy_the_robot/src/action_package/install/action_package/share/action_package/cmake/action_package__rosidl_typesupport_introspection_cExport.cmake
-- Installing: /home/ubuntu/Documents/billy_the_robot/src/action_package/install/action_package/share/action_package/cmake/action_package__rosidl_typesupport_introspection_cExport-noconfig.cmake
-- Installing: /home/ubuntu/Documents/billy_the_robot/src/action_package/install/action_package/share/action_package/cmake/action_package__rosidl_typesupport_cExport.cmake
-- Installing: /home/ubuntu/Documents/billy_the_robot/src/action_package/install/action_package/share/action_package/cmake/action_package__rosidl_typesupport_cExport-noconfig.cmake
-- Installing: /home/ubuntu/Documents/billy_the_robot/src/action_package/install/action_package/share/action_package/cmake/export_action_package__rosidl_generator_cppExport.cmake
-- Installing: /home/ubuntu/Documents/billy_the_robot/src/action_package/install/action_package/share/action_package/cmake/export_action_package__rosidl_typesupport_fastrtps_cppExport.cmake
-- Installing: /home/ubuntu/Documents/billy_the_robot/src/action_package/install/action_package/share/action_package/cmake/export_action_package__rosidl_typesupport_fastrtps_cppExport-noconfig.cmake
-- Installing: /home/ubuntu/Documents/billy_the_robot/src/action_package/install/action_package/share/action_package/cmake/action_package__rosidl_typesupport_introspection_cppExport.cmake
-- Installing: /home/ubuntu/Documents/billy_the_robot/src/action_package/install/action_package/share/action_package/cmake/action_package__rosidl_typesupport_introspection_cppExport-noconfig.cmake
-- Installing: /home/ubuntu/Documents/billy_the_robot/src/action_package/install/action_package/share/action_package/cmake/action_package__rosidl_typesupport_cppExport.cmake
-- Installing: /home/ubuntu/Documents/billy_the_robot/src/action_package/install/action_package/share/action_package/cmake/action_package__rosidl_typesupport_cppExport-noconfig.cmake
-- Installing: /home/ubuntu/Documents/billy_the_robot/src/action_package/install/action_package/share/action_package/cmake/export_action_package__rosidl_generator_pyExport.cmake
-- Installing: /home/ubuntu/Documents/billy_the_robot/src/action_package/install/action_package/share/action_package/cmake/export_action_package__rosidl_generator_pyExport-noconfig.cmake
-- Installing: /home/ubuntu/Documents/billy_the_robot/src/action_package/install/action_package/share/action_package/cmake/rosidl_cmake-extras.cmake
-- Installing: /home/ubuntu/Documents/billy_the_robot/src/action_package/install/action_package/share/action_package/cmake/ament_cmake_export_dependencies-extras.cmake
-- Installing: /home/ubuntu/Documents/billy_the_robot/src/action_package/install/action_package/share/action_package/cmake/ament_cmake_export_include_directories-extras.cmake
-- Installing: /home/ubuntu/Documents/billy_the_robot/src/action_package/install/action_package/share/action_package/cmake/ament_cmake_export_libraries-extras.cmake
-- Installing: /home/ubuntu/Documents/billy_the_robot/src/action_package/install/action_package/share/action_package/cmake/ament_cmake_export_targets-extras.cmake
-- Installing: /home/ubuntu/Documents/billy_the_robot/src/action_package/install/action_package/share/action_package/cmake/rosidl_cmake_export_typesupport_targets-extras.cmake
-- Installing: /home/ubuntu/Documents/billy_the_robot/src/action_package/install/action_package/share/action_package/cmake/rosidl_cmake_export_typesupport_libraries-extras.cmake
-- Installing: /home/ubuntu/Documents/billy_the_robot/src/action_package/install/action_package/share/action_package/cmake/action_packageConfig.cmake
-- Installing: /home/ubuntu/Documents/billy_the_robot/src/action_package/install/action_package/share/action_package/cmake/action_packageConfig-version.cmake
-- Installing: /home/ubuntu/Documents/billy_the_robot/src/action_package/install/action_package/share/action_package/package.xml
