[0.015s] Invoking command in '/home/ubuntu/Documents/billy_the_robot/src/action_package/build/action_package': CMAKE_PREFIX_PATH=/opt/ros/humble /usr/bin/cmake /home/ubuntu/Documents/billy_the_robot/src/action_package -DCMAKE_INSTALL_PREFIX=/home/ubuntu/Documents/billy_the_robot/src/action_package/install/action_package
[0.163s] -- The C compiler identification is GNU 11.2.0
[0.327s] -- The CXX compiler identification is GNU 11.2.0
[0.340s] -- Detecting C compiler ABI info
[0.455s] -- Detecting C compiler ABI info - done
[0.475s] -- Check for working C compiler: /usr/bin/cc - skipped
[0.475s] -- Detecting C compile features
[0.476s] -- Detecting C compile features - done
[0.486s] -- Detecting CXX compiler ABI info
[0.748s] -- Detecting CXX compiler ABI info - done
[0.776s] -- Check for working CXX compiler: /usr/bin/c++ - skipped
[0.777s] -- Detecting CXX compile features
[0.778s] -- Detecting CXX compile features - done
[0.798s] -- Found ament_cmake: 1.3.2 (/opt/ros/humble/share/ament_cmake/cmake)
[1.113s] -- Found Python3: /usr/bin/python3.10 (found version "3.10.6") found components: Interpreter 
[1.283s] -- Found ament_lint_auto: 0.12.4 (/opt/ros/humble/share/ament_lint_auto/cmake)
[1.422s] -- Found rosidl_default_generators: 1.2.0 (/opt/ros/humble/share/rosidl_default_generators/cmake)
[1.425s] -- Using all available rosidl_typesupport_c: rosidl_typesupport_fastrtps_c;rosidl_typesupport_introspection_c
[1.440s] -- Found rosidl_adapter: 3.1.3 (/opt/ros/humble/share/rosidl_adapter/cmake)
[1.492s] -- Using all available rosidl_typesupport_cpp: rosidl_typesupport_fastrtps_cpp;rosidl_typesupport_introspection_cpp
[1.987s] -- Found ament_cmake_ros: 0.10.0 (/opt/ros/humble/share/ament_cmake_ros/cmake)
[2.295s] -- Using all available rosidl_typesupport_c: rosidl_typesupport_fastrtps_c;rosidl_typesupport_introspection_c
[2.635s] -- Using all available rosidl_typesupport_cpp: rosidl_typesupport_fastrtps_cpp;rosidl_typesupport_introspection_cpp
[2.661s] -- Found PythonInterp: /usr/bin/python3 (found suitable version "3.10.6", minimum required is "3.6") 
[2.664s] -- Found python_cmake_module: 0.10.0 (/opt/ros/humble/share/python_cmake_module/cmake)
[2.699s] -- Found PythonLibs: /usr/lib/x86_64-linux-gnu/libpython3.10.so (found suitable version "3.10.6", minimum required is "3.5") 
[2.700s] -- Using PYTHON_EXECUTABLE: /usr/bin/python3
[2.700s] -- Using PYTHON_INCLUDE_DIRS: /usr/include/python3.10
[2.700s] -- Using PYTHON_LIBRARIES: /usr/lib/x86_64-linux-gnu/libpython3.10.so
[2.727s] -- Found PythonExtra: .so  
[2.808s] -- Added test 'cppcheck' to perform static code analysis on C / C++ code
[2.810s] -- Configured cppcheck include dirs: $<BUILD_INTERFACE:/home/ubuntu/Documents/billy_the_robot/src/action_package/build/action_package/rosidl_generator_c>;$<BUILD_INTERFACE:/home/ubuntu/Documents/billy_the_robot/src/action_package/build/action_package/rosidl_typesupport_fastrtps_c>;$<BUILD_INTERFACE:/home/ubuntu/Documents/billy_the_robot/src/action_package/build/action_package/rosidl_typesupport_introspection_c>;$<BUILD_INTERFACE:/home/ubuntu/Documents/billy_the_robot/src/action_package/build/action_package/rosidl_generator_cpp>;$<BUILD_INTERFACE:/home/ubuntu/Documents/billy_the_robot/src/action_package/build/action_package/rosidl_typesupport_fastrtps_cpp>;$<BUILD_INTERFACE:/home/ubuntu/Documents/billy_the_robot/src/action_package/build/action_package/rosidl_typesupport_introspection_cpp>;/home/ubuntu/Documents/billy_the_robot/src/action_package/build/action_package/rosidl_generator_c;/home/ubuntu/Documents/billy_the_robot/src/action_package/build/action_package/rosidl_generator_py
[2.810s] -- Configured cppcheck exclude dirs and/or files: 
[2.812s] -- Added test 'flake8' to check Python code syntax and style conventions
[2.815s] -- Added test 'lint_cmake' to check CMake code style
[2.817s] -- Added test 'pep257' to check Python code against some of the docstring style conventions in PEP 257
[2.823s] -- Added test 'uncrustify' to check C / C++ code style
[2.824s] -- Configured uncrustify additional arguments: 
[2.825s] -- Added test 'xmllint' to check XML markup files
[2.838s] -- Configuring done
[2.932s] -- Generating done
[2.950s] -- Build files have been written to: /home/ubuntu/Documents/billy_the_robot/src/action_package/build/action_package
[2.984s] Invoked command in '/home/ubuntu/Documents/billy_the_robot/src/action_package/build/action_package' returned '0': CMAKE_PREFIX_PATH=/opt/ros/humble /usr/bin/cmake /home/ubuntu/Documents/billy_the_robot/src/action_package -DCMAKE_INSTALL_PREFIX=/home/ubuntu/Documents/billy_the_robot/src/action_package/install/action_package
[2.985s] Invoking command in '/home/ubuntu/Documents/billy_the_robot/src/action_package/build/action_package': CMAKE_PREFIX_PATH=/opt/ros/humble /usr/bin/cmake --build /home/ubuntu/Documents/billy_the_robot/src/action_package/build/action_package -- -j1 -l1
[3.107s] [  3%] [34m[1mGenerating C++ code for ROS interfaces[0m
[4.266s] [  3%] Built target action_package__cpp
[4.294s] [  6%] [34m[1mGenerating C++ type support dispatch for ROS interfaces[0m
[4.685s] [  9%] [32mBuilding CXX object CMakeFiles/action_package__rosidl_typesupport_cpp.dir/rosidl_typesupport_cpp/action_package/action/fibonacci__type_support.cpp.o[0m
[5.589s] [ 12%] [32m[1mLinking CXX shared library libaction_package__rosidl_typesupport_cpp.so[0m
[5.640s] [ 12%] Built target action_package__rosidl_typesupport_cpp
[5.672s] [ 16%] [34m[1mGenerating C code for ROS interfaces[0m
[6.351s] [ 19%] [32mBuilding C object CMakeFiles/action_package__rosidl_generator_c.dir/rosidl_generator_c/action_package/action/detail/fibonacci__functions.c.o[0m
[6.534s] [ 22%] [32m[1mLinking C shared library libaction_package__rosidl_generator_c.so[0m
[6.610s] [ 22%] Built target action_package__rosidl_generator_c
[6.620s] [ 25%] [34m[1mGenerating C type support for eProsima Fast-RTPS[0m
[7.123s] [ 29%] [32mBuilding CXX object CMakeFiles/action_package__rosidl_typesupport_fastrtps_c.dir/rosidl_typesupport_fastrtps_c/action_package/action/detail/fibonacci__type_support_c.cpp.o[0m
[7.609s] [ 32%] [32m[1mLinking CXX shared library libaction_package__rosidl_typesupport_fastrtps_c.so[0m
[7.757s] [ 32%] Built target action_package__rosidl_typesupport_fastrtps_c
[7.767s] [ 35%] [34m[1mGenerating C introspection for ROS interfaces[0m
[8.294s] [ 38%] [32mBuilding C object CMakeFiles/action_package__rosidl_typesupport_introspection_c.dir/rosidl_typesupport_introspection_c/action_package/action/detail/fibonacci__type_support.c.o[0m
[8.357s] [ 41%] [32m[1mLinking C shared library libaction_package__rosidl_typesupport_introspection_c.so[0m
[8.388s] [ 41%] Built target action_package__rosidl_typesupport_introspection_c
[8.413s] [ 45%] [34m[1mGenerating C type support dispatch for ROS interfaces[0m
[8.839s] [ 48%] [32mBuilding CXX object CMakeFiles/action_package__rosidl_typesupport_c.dir/rosidl_typesupport_c/action_package/action/fibonacci__type_support.cpp.o[0m
[8.897s] [ 51%] [32m[1mLinking CXX shared library libaction_package__rosidl_typesupport_c.so[0m
[8.987s] [ 51%] Built target action_package__rosidl_typesupport_c
[9.016s] [ 54%] [34m[1mGenerating C++ type support for eProsima Fast-RTPS[0m
[9.580s] [ 58%] [32mBuilding CXX object CMakeFiles/action_package__rosidl_typesupport_fastrtps_cpp.dir/rosidl_typesupport_fastrtps_cpp/action_package/action/detail/dds_fastrtps/fibonacci__type_support.cpp.o[0m
[10.556s] [ 61%] [32m[1mLinking CXX shared library libaction_package__rosidl_typesupport_fastrtps_cpp.so[0m
[10.708s] [ 61%] Built target action_package__rosidl_typesupport_fastrtps_cpp
[10.722s] [ 64%] [34m[1mGenerating C++ introspection for ROS interfaces[0m
[11.263s] [ 67%] [32mBuilding CXX object CMakeFiles/action_package__rosidl_typesupport_introspection_cpp.dir/rosidl_typesupport_introspection_cpp/action_package/action/detail/fibonacci__type_support.cpp.o[0m
[12.155s] [ 70%] [32m[1mLinking CXX shared library libaction_package__rosidl_typesupport_introspection_cpp.so[0m
[12.292s] [ 70%] Built target action_package__rosidl_typesupport_introspection_cpp
[12.314s] [ 70%] Built target action_package
[12.348s] [ 70%] Built target ament_cmake_python_copy_action_package
[12.680s] running egg_info
[12.682s] creating action_package.egg-info
[12.683s] writing action_package.egg-info/PKG-INFO
[12.683s] writing dependency_links to action_package.egg-info/dependency_links.txt
[12.684s] writing top-level names to action_package.egg-info/top_level.txt
[12.684s] writing manifest file 'action_package.egg-info/SOURCES.txt'
[12.687s] reading manifest file 'action_package.egg-info/SOURCES.txt'
[12.688s] writing manifest file 'action_package.egg-info/SOURCES.txt'
[12.728s] [ 70%] Built target ament_cmake_python_build_action_package_egg
[12.748s] [ 74%] [34m[1mGenerating Python code for ROS interfaces[0m
[13.929s] [ 74%] Built target action_package__py
[13.954s] [ 77%] [32mBuilding C object CMakeFiles/action_package__rosidl_generator_py.dir/rosidl_generator_py/action_package/action/_fibonacci_s.c.o[0m
[14.172s] [ 80%] [32m[1mLinking C shared library rosidl_generator_py/action_package/libaction_package__rosidl_generator_py.so[0m
[14.226s] [ 80%] Built target action_package__rosidl_generator_py
[14.287s] [ 83%] [32mBuilding C object CMakeFiles/action_package__rosidl_typesupport_fastrtps_c__pyext.dir/rosidl_generator_py/action_package/_action_package_s.ep.rosidl_typesupport_fastrtps_c.c.o[0m
[14.475s] [ 87%] [32m[1mLinking C shared library rosidl_generator_py/action_package/action_package_s__rosidl_typesupport_fastrtps_c.cpython-310-x86_64-linux-gnu.so[0m
[14.546s] [ 87%] Built target action_package__rosidl_typesupport_fastrtps_c__pyext
[14.568s] [ 90%] [32mBuilding C object CMakeFiles/action_package__rosidl_typesupport_introspection_c__pyext.dir/rosidl_generator_py/action_package/_action_package_s.ep.rosidl_typesupport_introspection_c.c.o[0m
[14.750s] [ 93%] [32m[1mLinking C shared library rosidl_generator_py/action_package/action_package_s__rosidl_typesupport_introspection_c.cpython-310-x86_64-linux-gnu.so[0m
[14.793s] [ 93%] Built target action_package__rosidl_typesupport_introspection_c__pyext
[14.812s] [ 96%] [32mBuilding C object CMakeFiles/action_package__rosidl_typesupport_c__pyext.dir/rosidl_generator_py/action_package/_action_package_s.ep.rosidl_typesupport_c.c.o[0m
[14.994s] [100%] [32m[1mLinking C shared library rosidl_generator_py/action_package/action_package_s__rosidl_typesupport_c.cpython-310-x86_64-linux-gnu.so[0m
[15.057s] [100%] Built target action_package__rosidl_typesupport_c__pyext
[15.093s] Invoked command in '/home/ubuntu/Documents/billy_the_robot/src/action_package/build/action_package' returned '0': CMAKE_PREFIX_PATH=/opt/ros/humble /usr/bin/cmake --build /home/ubuntu/Documents/billy_the_robot/src/action_package/build/action_package -- -j1 -l1
[15.252s] Invoking command in '/home/ubuntu/Documents/billy_the_robot/src/action_package/build/action_package': CMAKE_PREFIX_PATH=/opt/ros/humble /usr/bin/cmake --install /home/ubuntu/Documents/billy_the_robot/src/action_package/build/action_package
[15.276s] -- Install configuration: ""
[15.276s] -- Installing: /home/ubuntu/Documents/billy_the_robot/src/action_package/install/action_package/share/ament_index/resource_index/rosidl_interfaces/action_package
[15.283s] -- Installing: /home/ubuntu/Documents/billy_the_robot/src/action_package/install/action_package/include/action_package/action_package
[15.284s] -- Installing: /home/ubuntu/Documents/billy_the_robot/src/action_package/install/action_package/include/action_package/action_package/msg
[15.284s] -- Installing: /home/ubuntu/Documents/billy_the_robot/src/action_package/install/action_package/include/action_package/action_package/msg/rosidl_generator_c__visibility_control.h
[15.284s] -- Installing: /home/ubuntu/Documents/billy_the_robot/src/action_package/install/action_package/include/action_package/action_package/action
[15.285s] -- Installing: /home/ubuntu/Documents/billy_the_robot/src/action_package/install/action_package/include/action_package/action_package/action/detail
[15.285s] -- Installing: /home/ubuntu/Documents/billy_the_robot/src/action_package/install/action_package/include/action_package/action_package/action/detail/fibonacci__functions.h
[15.285s] -- Installing: /home/ubuntu/Documents/billy_the_robot/src/action_package/install/action_package/include/action_package/action_package/action/detail/fibonacci__struct.h
[15.286s] -- Installing: /home/ubuntu/Documents/billy_the_robot/src/action_package/install/action_package/include/action_package/action_package/action/detail/fibonacci__type_support.h
[15.286s] -- Installing: /home/ubuntu/Documents/billy_the_robot/src/action_package/install/action_package/include/action_package/action_package/action/detail/fibonacci__functions.c
[15.287s] -- Installing: /home/ubuntu/Documents/billy_the_robot/src/action_package/install/action_package/include/action_package/action_package/action/fibonacci.h
[15.287s] -- Installing: /home/ubuntu/Documents/billy_the_robot/src/action_package/install/action_package/share/action_package/environment/library_path.sh
[15.288s] -- Installing: /home/ubuntu/Documents/billy_the_robot/src/action_package/install/action_package/share/action_package/environment/library_path.dsv
[15.288s] -- Installing: /home/ubuntu/Documents/billy_the_robot/src/action_package/install/action_package/lib/libaction_package__rosidl_generator_c.so
[15.291s] -- Set runtime path of "/home/ubuntu/Documents/billy_the_robot/src/action_package/install/action_package/lib/libaction_package__rosidl_generator_c.so" to ""
[15.291s] -- Up-to-date: /home/ubuntu/Documents/billy_the_robot/src/action_package/install/action_package/include/action_package/action_package
[15.291s] -- Up-to-date: /home/ubuntu/Documents/billy_the_robot/src/action_package/install/action_package/include/action_package/action_package/msg
[15.292s] -- Installing: /home/ubuntu/Documents/billy_the_robot/src/action_package/install/action_package/include/action_package/action_package/msg/rosidl_typesupport_fastrtps_c__visibility_control.h
[15.292s] -- Up-to-date: /home/ubuntu/Documents/billy_the_robot/src/action_package/install/action_package/include/action_package/action_package/action
[15.292s] -- Up-to-date: /home/ubuntu/Documents/billy_the_robot/src/action_package/install/action_package/include/action_package/action_package/action/detail
[15.292s] -- Installing: /home/ubuntu/Documents/billy_the_robot/src/action_package/install/action_package/include/action_package/action_package/action/detail/fibonacci__rosidl_typesupport_fastrtps_c.h
[15.295s] -- Installing: /home/ubuntu/Documents/billy_the_robot/src/action_package/install/action_package/lib/libaction_package__rosidl_typesupport_fastrtps_c.so
[15.296s] -- Set runtime path of "/home/ubuntu/Documents/billy_the_robot/src/action_package/install/action_package/lib/libaction_package__rosidl_typesupport_fastrtps_c.so" to ""
[15.296s] -- Up-to-date: /home/ubuntu/Documents/billy_the_robot/src/action_package/install/action_package/include/action_package/action_package
[15.296s] -- Up-to-date: /home/ubuntu/Documents/billy_the_robot/src/action_package/install/action_package/include/action_package/action_package/msg
[15.296s] -- Installing: /home/ubuntu/Documents/billy_the_robot/src/action_package/install/action_package/include/action_package/action_package/msg/rosidl_typesupport_introspection_c__visibility_control.h
[15.296s] -- Up-to-date: /home/ubuntu/Documents/billy_the_robot/src/action_package/install/action_package/include/action_package/action_package/action
[15.299s] -- Up-to-date: /home/ubuntu/Documents/billy_the_robot/src/action_package/install/action_package/include/action_package/action_package/action/detail
[15.299s] -- Installing: /home/ubuntu/Documents/billy_the_robot/src/action_package/install/action_package/include/action_package/action_package/action/detail/fibonacci__type_support.c
[15.300s] -- Installing: /home/ubuntu/Documents/billy_the_robot/src/action_package/install/action_package/include/action_package/action_package/action/detail/fibonacci__rosidl_typesupport_introspection_c.h
[15.300s] -- Installing: /home/ubuntu/Documents/billy_the_robot/src/action_package/install/action_package/lib/libaction_package__rosidl_typesupport_introspection_c.so
[15.301s] -- Set runtime path of "/home/ubuntu/Documents/billy_the_robot/src/action_package/install/action_package/lib/libaction_package__rosidl_typesupport_introspection_c.so" to ""
[15.301s] -- Installing: /home/ubuntu/Documents/billy_the_robot/src/action_package/install/action_package/lib/libaction_package__rosidl_typesupport_c.so
[15.304s] -- Set runtime path of "/home/ubuntu/Documents/billy_the_robot/src/action_package/install/action_package/lib/libaction_package__rosidl_typesupport_c.so" to ""
[15.305s] -- Up-to-date: /home/ubuntu/Documents/billy_the_robot/src/action_package/install/action_package/include/action_package/action_package
[15.305s] -- Up-to-date: /home/ubuntu/Documents/billy_the_robot/src/action_package/install/action_package/include/action_package/action_package/action
[15.305s] -- Up-to-date: /home/ubuntu/Documents/billy_the_robot/src/action_package/install/action_package/include/action_package/action_package/action/detail
[15.305s] -- Installing: /home/ubuntu/Documents/billy_the_robot/src/action_package/install/action_package/include/action_package/action_package/action/detail/fibonacci__builder.hpp
[15.308s] -- Installing: /home/ubuntu/Documents/billy_the_robot/src/action_package/install/action_package/include/action_package/action_package/action/detail/fibonacci__struct.hpp
[15.311s] -- Installing: /home/ubuntu/Documents/billy_the_robot/src/action_package/install/action_package/include/action_package/action_package/action/detail/fibonacci__traits.hpp
[15.312s] -- Installing: /home/ubuntu/Documents/billy_the_robot/src/action_package/install/action_package/include/action_package/action_package/action/fibonacci.hpp
[15.315s] -- Up-to-date: /home/ubuntu/Documents/billy_the_robot/src/action_package/install/action_package/include/action_package/action_package
[15.315s] -- Up-to-date: /home/ubuntu/Documents/billy_the_robot/src/action_package/install/action_package/include/action_package/action_package/msg
[15.315s] -- Installing: /home/ubuntu/Documents/billy_the_robot/src/action_package/install/action_package/include/action_package/action_package/msg/rosidl_typesupport_fastrtps_cpp__visibility_control.h
[15.318s] -- Up-to-date: /home/ubuntu/Documents/billy_the_robot/src/action_package/install/action_package/include/action_package/action_package/action
[15.318s] -- Up-to-date: /home/ubuntu/Documents/billy_the_robot/src/action_package/install/action_package/include/action_package/action_package/action/detail
[15.319s] -- Installing: /home/ubuntu/Documents/billy_the_robot/src/action_package/install/action_package/include/action_package/action_package/action/detail/fibonacci__rosidl_typesupport_fastrtps_cpp.hpp
[15.319s] -- Installing: /home/ubuntu/Documents/billy_the_robot/src/action_package/install/action_package/include/action_package/action_package/action/detail/dds_fastrtps
[15.319s] -- Installing: /home/ubuntu/Documents/billy_the_robot/src/action_package/install/action_package/lib/libaction_package__rosidl_typesupport_fastrtps_cpp.so
[15.321s] -- Set runtime path of "/home/ubuntu/Documents/billy_the_robot/src/action_package/install/action_package/lib/libaction_package__rosidl_typesupport_fastrtps_cpp.so" to ""
[15.321s] -- Up-to-date: /home/ubuntu/Documents/billy_the_robot/src/action_package/install/action_package/include/action_package/action_package
[15.322s] -- Up-to-date: /home/ubuntu/Documents/billy_the_robot/src/action_package/install/action_package/include/action_package/action_package/action
[15.324s] -- Up-to-date: /home/ubuntu/Documents/billy_the_robot/src/action_package/install/action_package/include/action_package/action_package/action/detail
[15.327s] -- Installing: /home/ubuntu/Documents/billy_the_robot/src/action_package/install/action_package/include/action_package/action_package/action/detail/fibonacci__rosidl_typesupport_introspection_cpp.hpp
[15.327s] -- Installing: /home/ubuntu/Documents/billy_the_robot/src/action_package/install/action_package/include/action_package/action_package/action/detail/fibonacci__type_support.cpp
[15.328s] -- Installing: /home/ubuntu/Documents/billy_the_robot/src/action_package/install/action_package/lib/libaction_package__rosidl_typesupport_introspection_cpp.so
[15.331s] -- Set runtime path of "/home/ubuntu/Documents/billy_the_robot/src/action_package/install/action_package/lib/libaction_package__rosidl_typesupport_introspection_cpp.so" to ""
[15.332s] -- Installing: /home/ubuntu/Documents/billy_the_robot/src/action_package/install/action_package/lib/libaction_package__rosidl_typesupport_cpp.so
[15.333s] -- Set runtime path of "/home/ubuntu/Documents/billy_the_robot/src/action_package/install/action_package/lib/libaction_package__rosidl_typesupport_cpp.so" to ""
[15.335s] -- Installing: /home/ubuntu/Documents/billy_the_robot/src/action_package/install/action_package/share/action_package/environment/pythonpath.sh
[15.335s] -- Installing: /home/ubuntu/Documents/billy_the_robot/src/action_package/install/action_package/share/action_package/environment/pythonpath.dsv
[15.336s] -- Installing: /home/ubuntu/Documents/billy_the_robot/src/action_package/install/action_package/local/lib/python3.10/dist-packages/action_package-0.0.0-py3.10.egg-info
[15.337s] -- Installing: /home/ubuntu/Documents/billy_the_robot/src/action_package/install/action_package/local/lib/python3.10/dist-packages/action_package-0.0.0-py3.10.egg-info/dependency_links.txt
[15.341s] -- Installing: /home/ubuntu/Documents/billy_the_robot/src/action_package/install/action_package/local/lib/python3.10/dist-packages/action_package-0.0.0-py3.10.egg-info/SOURCES.txt
[15.342s] -- Installing: /home/ubuntu/Documents/billy_the_robot/src/action_package/install/action_package/local/lib/python3.10/dist-packages/action_package-0.0.0-py3.10.egg-info/PKG-INFO
[15.343s] -- Installing: /home/ubuntu/Documents/billy_the_robot/src/action_package/install/action_package/local/lib/python3.10/dist-packages/action_package-0.0.0-py3.10.egg-info/top_level.txt
[15.344s] -- Installing: /home/ubuntu/Documents/billy_the_robot/src/action_package/install/action_package/local/lib/python3.10/dist-packages/action_package
[15.344s] -- Installing: /home/ubuntu/Documents/billy_the_robot/src/action_package/install/action_package/local/lib/python3.10/dist-packages/action_package/libaction_package__rosidl_generator_py.so
[15.346s] -- Installing: /home/ubuntu/Documents/billy_the_robot/src/action_package/install/action_package/local/lib/python3.10/dist-packages/action_package/action_package_s__rosidl_typesupport_introspection_c.cpython-310-x86_64-linux-gnu.so
[15.347s] -- Installing: /home/ubuntu/Documents/billy_the_robot/src/action_package/install/action_package/local/lib/python3.10/dist-packages/action_package/_action_package_s.ep.rosidl_typesupport_fastrtps_c.c
[15.352s] -- Installing: /home/ubuntu/Documents/billy_the_robot/src/action_package/install/action_package/local/lib/python3.10/dist-packages/action_package/action
[15.352s] -- Installing: /home/ubuntu/Documents/billy_the_robot/src/action_package/install/action_package/local/lib/python3.10/dist-packages/action_package/action/__init__.py
[15.353s] -- Installing: /home/ubuntu/Documents/billy_the_robot/src/action_package/install/action_package/local/lib/python3.10/dist-packages/action_package/action/_fibonacci.py
[15.353s] -- Installing: /home/ubuntu/Documents/billy_the_robot/src/action_package/install/action_package/local/lib/python3.10/dist-packages/action_package/action/_fibonacci_s.c
[15.353s] -- Installing: /home/ubuntu/Documents/billy_the_robot/src/action_package/install/action_package/local/lib/python3.10/dist-packages/action_package/__init__.py
[15.360s] -- Installing: /home/ubuntu/Documents/billy_the_robot/src/action_package/install/action_package/local/lib/python3.10/dist-packages/action_package/_action_package_s.ep.rosidl_typesupport_c.c
[15.360s] -- Installing: /home/ubuntu/Documents/billy_the_robot/src/action_package/install/action_package/local/lib/python3.10/dist-packages/action_package/_action_package_s.ep.rosidl_typesupport_introspection_c.c
[15.362s] -- Installing: /home/ubuntu/Documents/billy_the_robot/src/action_package/install/action_package/local/lib/python3.10/dist-packages/action_package/action_package_s__rosidl_typesupport_fastrtps_c.cpython-310-x86_64-linux-gnu.so
[15.364s] -- Installing: /home/ubuntu/Documents/billy_the_robot/src/action_package/install/action_package/local/lib/python3.10/dist-packages/action_package/action_package_s__rosidl_typesupport_c.cpython-310-x86_64-linux-gnu.so
[15.463s] Listing '/home/ubuntu/Documents/billy_the_robot/src/action_package/install/action_package/local/lib/python3.10/dist-packages/action_package'...
[15.463s] Compiling '/home/ubuntu/Documents/billy_the_robot/src/action_package/install/action_package/local/lib/python3.10/dist-packages/action_package/__init__.py'...
[15.463s] Listing '/home/ubuntu/Documents/billy_the_robot/src/action_package/install/action_package/local/lib/python3.10/dist-packages/action_package/action'...
[15.464s] Compiling '/home/ubuntu/Documents/billy_the_robot/src/action_package/install/action_package/local/lib/python3.10/dist-packages/action_package/action/__init__.py'...
[15.464s] Compiling '/home/ubuntu/Documents/billy_the_robot/src/action_package/install/action_package/local/lib/python3.10/dist-packages/action_package/action/_fibonacci.py'...
[15.481s] -- Installing: /home/ubuntu/Documents/billy_the_robot/src/action_package/install/action_package/local/lib/python3.10/dist-packages/action_package/action_package_s__rosidl_typesupport_fastrtps_c.cpython-310-x86_64-linux-gnu.so
[15.484s] -- Set runtime path of "/home/ubuntu/Documents/billy_the_robot/src/action_package/install/action_package/local/lib/python3.10/dist-packages/action_package/action_package_s__rosidl_typesupport_fastrtps_c.cpython-310-x86_64-linux-gnu.so" to ""
[15.489s] -- Installing: /home/ubuntu/Documents/billy_the_robot/src/action_package/install/action_package/local/lib/python3.10/dist-packages/action_package/action_package_s__rosidl_typesupport_introspection_c.cpython-310-x86_64-linux-gnu.so
[15.490s] -- Set runtime path of "/home/ubuntu/Documents/billy_the_robot/src/action_package/install/action_package/local/lib/python3.10/dist-packages/action_package/action_package_s__rosidl_typesupport_introspection_c.cpython-310-x86_64-linux-gnu.so" to ""
[15.490s] -- Installing: /home/ubuntu/Documents/billy_the_robot/src/action_package/install/action_package/local/lib/python3.10/dist-packages/action_package/action_package_s__rosidl_typesupport_c.cpython-310-x86_64-linux-gnu.so
[15.494s] -- Set runtime path of "/home/ubuntu/Documents/billy_the_robot/src/action_package/install/action_package/local/lib/python3.10/dist-packages/action_package/action_package_s__rosidl_typesupport_c.cpython-310-x86_64-linux-gnu.so" to ""
[15.494s] -- Installing: /home/ubuntu/Documents/billy_the_robot/src/action_package/install/action_package/lib/libaction_package__rosidl_generator_py.so
[15.495s] -- Set runtime path of "/home/ubuntu/Documents/billy_the_robot/src/action_package/install/action_package/lib/libaction_package__rosidl_generator_py.so" to ""
[15.497s] -- Installing: /home/ubuntu/Documents/billy_the_robot/src/action_package/install/action_package/share/action_package/action/Fibonacci.idl
[15.499s] -- Installing: /home/ubuntu/Documents/billy_the_robot/src/action_package/install/action_package/share/action_package/action/Fibonacci.action
[15.500s] -- Installing: /home/ubuntu/Documents/billy_the_robot/src/action_package/install/action_package/share/ament_index/resource_index/package_run_dependencies/action_package
[15.500s] -- Installing: /home/ubuntu/Documents/billy_the_robot/src/action_package/install/action_package/share/ament_index/resource_index/parent_prefix_path/action_package
[15.502s] -- Installing: /home/ubuntu/Documents/billy_the_robot/src/action_package/install/action_package/share/action_package/environment/ament_prefix_path.sh
[15.503s] -- Installing: /home/ubuntu/Documents/billy_the_robot/src/action_package/install/action_package/share/action_package/environment/ament_prefix_path.dsv
[15.510s] -- Installing: /home/ubuntu/Documents/billy_the_robot/src/action_package/install/action_package/share/action_package/environment/path.sh
[15.512s] -- Installing: /home/ubuntu/Documents/billy_the_robot/src/action_package/install/action_package/share/action_package/environment/path.dsv
[15.514s] -- Installing: /home/ubuntu/Documents/billy_the_robot/src/action_package/install/action_package/share/action_package/local_setup.bash
[15.517s] -- Installing: /home/ubuntu/Documents/billy_the_robot/src/action_package/install/action_package/share/action_package/local_setup.sh
[15.518s] -- Installing: /home/ubuntu/Documents/billy_the_robot/src/action_package/install/action_package/share/action_package/local_setup.zsh
[15.521s] -- Installing: /home/ubuntu/Documents/billy_the_robot/src/action_package/install/action_package/share/action_package/local_setup.dsv
[15.522s] -- Installing: /home/ubuntu/Documents/billy_the_robot/src/action_package/install/action_package/share/action_package/package.dsv
[15.529s] -- Installing: /home/ubuntu/Documents/billy_the_robot/src/action_package/install/action_package/share/ament_index/resource_index/packages/action_package
[15.531s] -- Installing: /home/ubuntu/Documents/billy_the_robot/src/action_package/install/action_package/share/action_package/cmake/export_action_package__rosidl_generator_cExport.cmake
[15.534s] -- Installing: /home/ubuntu/Documents/billy_the_robot/src/action_package/install/action_package/share/action_package/cmake/export_action_package__rosidl_generator_cExport-noconfig.cmake
[15.534s] -- Installing: /home/ubuntu/Documents/billy_the_robot/src/action_package/install/action_package/share/action_package/cmake/export_action_package__rosidl_typesupport_fastrtps_cExport.cmake
[15.534s] -- Installing: /home/ubuntu/Documents/billy_the_robot/src/action_package/install/action_package/share/action_package/cmake/export_action_package__rosidl_typesupport_fastrtps_cExport-noconfig.cmake
[15.535s] -- Installing: /home/ubuntu/Documents/billy_the_robot/src/action_package/install/action_package/share/action_package/cmake/action_package__rosidl_typesupport_introspection_cExport.cmake
[15.535s] -- Installing: /home/ubuntu/Documents/billy_the_robot/src/action_package/install/action_package/share/action_package/cmake/action_package__rosidl_typesupport_introspection_cExport-noconfig.cmake
[15.538s] -- Installing: /home/ubuntu/Documents/billy_the_robot/src/action_package/install/action_package/share/action_package/cmake/action_package__rosidl_typesupport_cExport.cmake
[15.539s] -- Installing: /home/ubuntu/Documents/billy_the_robot/src/action_package/install/action_package/share/action_package/cmake/action_package__rosidl_typesupport_cExport-noconfig.cmake
[15.540s] -- Installing: /home/ubuntu/Documents/billy_the_robot/src/action_package/install/action_package/share/action_package/cmake/export_action_package__rosidl_generator_cppExport.cmake
[15.541s] -- Installing: /home/ubuntu/Documents/billy_the_robot/src/action_package/install/action_package/share/action_package/cmake/export_action_package__rosidl_typesupport_fastrtps_cppExport.cmake
[15.544s] -- Installing: /home/ubuntu/Documents/billy_the_robot/src/action_package/install/action_package/share/action_package/cmake/export_action_package__rosidl_typesupport_fastrtps_cppExport-noconfig.cmake
[15.544s] -- Installing: /home/ubuntu/Documents/billy_the_robot/src/action_package/install/action_package/share/action_package/cmake/action_package__rosidl_typesupport_introspection_cppExport.cmake
[15.545s] -- Installing: /home/ubuntu/Documents/billy_the_robot/src/action_package/install/action_package/share/action_package/cmake/action_package__rosidl_typesupport_introspection_cppExport-noconfig.cmake
[15.545s] -- Installing: /home/ubuntu/Documents/billy_the_robot/src/action_package/install/action_package/share/action_package/cmake/action_package__rosidl_typesupport_cppExport.cmake
[15.546s] -- Installing: /home/ubuntu/Documents/billy_the_robot/src/action_package/install/action_package/share/action_package/cmake/action_package__rosidl_typesupport_cppExport-noconfig.cmake
[15.546s] -- Installing: /home/ubuntu/Documents/billy_the_robot/src/action_package/install/action_package/share/action_package/cmake/export_action_package__rosidl_generator_pyExport.cmake
[15.547s] -- Installing: /home/ubuntu/Documents/billy_the_robot/src/action_package/install/action_package/share/action_package/cmake/export_action_package__rosidl_generator_pyExport-noconfig.cmake
[15.547s] -- Installing: /home/ubuntu/Documents/billy_the_robot/src/action_package/install/action_package/share/action_package/cmake/rosidl_cmake-extras.cmake
[15.548s] -- Installing: /home/ubuntu/Documents/billy_the_robot/src/action_package/install/action_package/share/action_package/cmake/ament_cmake_export_dependencies-extras.cmake
[15.548s] -- Installing: /home/ubuntu/Documents/billy_the_robot/src/action_package/install/action_package/share/action_package/cmake/ament_cmake_export_include_directories-extras.cmake
[15.549s] -- Installing: /home/ubuntu/Documents/billy_the_robot/src/action_package/install/action_package/share/action_package/cmake/ament_cmake_export_libraries-extras.cmake
[15.549s] -- Installing: /home/ubuntu/Documents/billy_the_robot/src/action_package/install/action_package/share/action_package/cmake/ament_cmake_export_targets-extras.cmake
[15.549s] -- Installing: /home/ubuntu/Documents/billy_the_robot/src/action_package/install/action_package/share/action_package/cmake/rosidl_cmake_export_typesupport_targets-extras.cmake
[15.550s] -- Installing: /home/ubuntu/Documents/billy_the_robot/src/action_package/install/action_package/share/action_package/cmake/rosidl_cmake_export_typesupport_libraries-extras.cmake
[15.550s] -- Installing: /home/ubuntu/Documents/billy_the_robot/src/action_package/install/action_package/share/action_package/cmake/action_packageConfig.cmake
[15.550s] -- Installing: /home/ubuntu/Documents/billy_the_robot/src/action_package/install/action_package/share/action_package/cmake/action_packageConfig-version.cmake
[15.551s] -- Installing: /home/ubuntu/Documents/billy_the_robot/src/action_package/install/action_package/share/action_package/package.xml
[15.555s] Invoked command in '/home/ubuntu/Documents/billy_the_robot/src/action_package/build/action_package' returned '0': CMAKE_PREFIX_PATH=/opt/ros/humble /usr/bin/cmake --install /home/ubuntu/Documents/billy_the_robot/src/action_package/build/action_package
