[0.602s] DEBUG:colcon:Command line arguments: ['/usr/bin/colcon', 'build']
[0.603s] DEBUG:colcon:Parsed command line arguments: Namespace(log_base=None, log_level=None, verb_name='build', build_base='build', install_base='install', merge_install=False, symlink_install=False, test_result_base=None, continue_on_error=False, executor='parallel', parallel_workers=1, event_handlers=None, ignore_user_meta=False, metas=['./colcon.meta'], base_paths=['.'], packages_ignore=None, packages_ignore_regex=None, paths=None, packages_up_to=None, packages_up_to_regex=None, packages_above=None, packages_above_and_dependencies=None, packages_above_depth=None, packages_select_by_dep=None, packages_skip_by_dep=None, packages_skip_up_to=None, packages_select_build_failed=False, packages_skip_build_finished=False, packages_select_test_failures=False, packages_skip_test_passed=False, packages_select=None, packages_skip=None, packages_select_regex=None, packages_skip_regex=None, packages_start=None, packages_end=None, allow_overriding=[], cmake_args=None, cmake_target=None, cmake_target_skip_unavailable=False, cmake_clean_cache=False, cmake_clean_first=False, cmake_force_configure=False, ament_cmake_args=None, catkin_cmake_args=None, catkin_skip_building_tests=False, verb_parser=<colcon_defaults.argument_parser.defaults.DefaultArgumentsDecorator object at 0x7fe07f9aa800>, verb_extension=<colcon_core.verb.build.BuildVerb object at 0x7fe0803464a0>, main=<bound method BuildVerb.main of <colcon_core.verb.build.BuildVerb object at 0x7fe0803464a0>>)
[0.708s] Level 1:colcon.colcon_core.package_discovery:discover_packages(colcon_meta) check parameters
[0.709s] Level 1:colcon.colcon_core.package_discovery:discover_packages(recursive) check parameters
[0.710s] Level 1:colcon.colcon_core.package_discovery:discover_packages(ignore) check parameters
[0.710s] Level 1:colcon.colcon_core.package_discovery:discover_packages(path) check parameters
[0.710s] Level 1:colcon.colcon_core.package_discovery:discover_packages(colcon_meta) discover
[0.710s] Level 1:colcon.colcon_core.package_discovery:discover_packages(recursive) discover
[0.710s] INFO:colcon.colcon_core.package_discovery:Crawling recursively for packages in '/home/ubuntu/Documents/billy_the_robot'
[0.710s] Level 1:colcon.colcon_core.package_identification:_identify(.) by extensions ['ignore', 'ignore_ament_install']
[0.710s] Level 1:colcon.colcon_core.package_identification:_identify(.) by extension 'ignore'
[0.710s] Level 1:colcon.colcon_core.package_identification:_identify(.) by extension 'ignore_ament_install'
[0.710s] Level 1:colcon.colcon_core.package_identification:_identify(.) by extensions ['colcon_pkg']
[0.710s] Level 1:colcon.colcon_core.package_identification:_identify(.) by extension 'colcon_pkg'
[0.710s] Level 1:colcon.colcon_core.package_identification:_identify(.) by extensions ['colcon_meta']
[0.710s] Level 1:colcon.colcon_core.package_identification:_identify(.) by extension 'colcon_meta'
[0.710s] Level 1:colcon.colcon_core.package_identification:_identify(.) by extensions ['ros']
[0.710s] Level 1:colcon.colcon_core.package_identification:_identify(.) by extension 'ros'
[0.792s] DEBUG:colcon.colcon_core.package_identification:Package '.' with type 'ros.ament_python' and name 'billy_the_robot'
[0.792s] Level 1:colcon.colcon_core.package_discovery:discover_packages(recursive) using defaults
[0.792s] Level 1:colcon.colcon_core.package_discovery:discover_packages(ignore) discover
[0.792s] Level 1:colcon.colcon_core.package_discovery:discover_packages(ignore) using defaults
[0.792s] Level 1:colcon.colcon_core.package_discovery:discover_packages(path) discover
[0.792s] Level 1:colcon.colcon_core.package_discovery:discover_packages(path) using defaults
[0.833s] Level 1:colcon.colcon_core.package_discovery:discover_packages(prefix_path) check parameters
[0.833s] Level 1:colcon.colcon_core.package_discovery:discover_packages(prefix_path) discover
[0.841s] DEBUG:colcon.colcon_installed_package_information.package_discovery:Found 283 installed packages in /opt/ros/humble
[0.844s] Level 1:colcon.colcon_core.package_discovery:discover_packages(prefix_path) using defaults
[0.960s] Level 5:colcon.colcon_core.verb:set package 'billy_the_robot' build argument 'cmake_args' from command line to 'None'
[0.960s] Level 5:colcon.colcon_core.verb:set package 'billy_the_robot' build argument 'cmake_target' from command line to 'None'
[0.960s] Level 5:colcon.colcon_core.verb:set package 'billy_the_robot' build argument 'cmake_target_skip_unavailable' from command line to 'False'
[0.960s] Level 5:colcon.colcon_core.verb:set package 'billy_the_robot' build argument 'cmake_clean_cache' from command line to 'False'
[0.960s] Level 5:colcon.colcon_core.verb:set package 'billy_the_robot' build argument 'cmake_clean_first' from command line to 'False'
[0.960s] Level 5:colcon.colcon_core.verb:set package 'billy_the_robot' build argument 'cmake_force_configure' from command line to 'False'
[0.960s] Level 5:colcon.colcon_core.verb:set package 'billy_the_robot' build argument 'ament_cmake_args' from command line to 'None'
[0.960s] Level 5:colcon.colcon_core.verb:set package 'billy_the_robot' build argument 'catkin_cmake_args' from command line to 'None'
[0.960s] Level 5:colcon.colcon_core.verb:set package 'billy_the_robot' build argument 'catkin_skip_building_tests' from command line to 'False'
[0.960s] DEBUG:colcon.colcon_core.verb:Building package 'billy_the_robot' with the following arguments: {'ament_cmake_args': None, 'build_base': '/home/ubuntu/Documents/billy_the_robot/build/billy_the_robot', 'catkin_cmake_args': None, 'catkin_skip_building_tests': False, 'cmake_args': None, 'cmake_clean_cache': False, 'cmake_clean_first': False, 'cmake_force_configure': False, 'cmake_target': None, 'cmake_target_skip_unavailable': False, 'install_base': '/home/ubuntu/Documents/billy_the_robot/install/billy_the_robot', 'merge_install': False, 'path': '/home/ubuntu/Documents/billy_the_robot', 'symlink_install': False, 'test_result_base': None}
[0.961s] INFO:colcon.colcon_core.executor:Executing jobs using 'parallel' executor
[0.966s] DEBUG:colcon.colcon_parallel_executor.executor.parallel:run_until_complete
[0.966s] INFO:colcon.colcon_ros.task.ament_python.build:Building ROS package in '/home/ubuntu/Documents/billy_the_robot' with build type 'ament_python'
[0.967s] Level 1:colcon.colcon_core.shell:create_environment_hook('billy_the_robot', 'ament_prefix_path')
[0.976s] INFO:colcon.colcon_core.plugin_system:Skipping extension 'colcon_core.shell.bat': Not used on non-Windows systems
[0.977s] INFO:colcon.colcon_core.shell:Creating environment hook '/home/ubuntu/Documents/billy_the_robot/install/billy_the_robot/share/billy_the_robot/hook/ament_prefix_path.ps1'
[0.978s] INFO:colcon.colcon_core.shell:Creating environment descriptor '/home/ubuntu/Documents/billy_the_robot/install/billy_the_robot/share/billy_the_robot/hook/ament_prefix_path.dsv'
[0.986s] INFO:colcon.colcon_core.shell:Creating environment hook '/home/ubuntu/Documents/billy_the_robot/install/billy_the_robot/share/billy_the_robot/hook/ament_prefix_path.sh'
[0.988s] INFO:colcon.colcon_core.shell:Skip shell extension 'powershell' for command environment: Not usable outside of PowerShell
[0.988s] DEBUG:colcon.colcon_core.shell:Skip shell extension 'dsv' for command environment
[1.514s] INFO:colcon.colcon_core.task.python.build:Building Python package in '/home/ubuntu/Documents/billy_the_robot'
[1.516s] INFO:colcon.colcon_core.shell:Skip shell extension 'powershell' for command environment: Not usable outside of PowerShell
[1.516s] DEBUG:colcon.colcon_core.shell:Skip shell extension 'dsv' for command environment
[2.139s] DEBUG:colcon.colcon_core.event_handler.log_command:Invoking command in '/home/ubuntu/Documents/billy_the_robot': PYTHONPATH=/home/ubuntu/Documents/billy_the_robot/install/billy_the_robot/lib/python3.10/site-packages:${PYTHONPATH} /usr/bin/python3 setup.py egg_info --egg-base build/billy_the_robot build --build-base /home/ubuntu/Documents/billy_the_robot/build/billy_the_robot/build install --prefix /home/ubuntu/Documents/billy_the_robot/install/billy_the_robot --record /home/ubuntu/Documents/billy_the_robot/build/billy_the_robot/install.log --single-version-externally-managed
[2.819s] DEBUG:colcon.colcon_core.event_handler.log_command:Invoked command in '/home/ubuntu/Documents/billy_the_robot' returned '0': PYTHONPATH=/home/ubuntu/Documents/billy_the_robot/install/billy_the_robot/lib/python3.10/site-packages:${PYTHONPATH} /usr/bin/python3 setup.py egg_info --egg-base build/billy_the_robot build --build-base /home/ubuntu/Documents/billy_the_robot/build/billy_the_robot/build install --prefix /home/ubuntu/Documents/billy_the_robot/install/billy_the_robot --record /home/ubuntu/Documents/billy_the_robot/build/billy_the_robot/install.log --single-version-externally-managed
[2.831s] Level 1:colcon.colcon_core.environment:checking '/home/ubuntu/Documents/billy_the_robot/install/billy_the_robot' for CMake module files
[2.832s] Level 1:colcon.colcon_core.environment:checking '/home/ubuntu/Documents/billy_the_robot/install/billy_the_robot' for CMake config files
[2.834s] Level 1:colcon.colcon_core.environment:checking '/home/ubuntu/Documents/billy_the_robot/install/billy_the_robot/lib'
[2.834s] Level 1:colcon.colcon_core.environment:checking '/home/ubuntu/Documents/billy_the_robot/install/billy_the_robot/bin'
[2.834s] Level 1:colcon.colcon_core.environment:checking '/home/ubuntu/Documents/billy_the_robot/install/billy_the_robot/lib/pkgconfig/billy_the_robot.pc'
[2.834s] Level 1:colcon.colcon_core.environment:checking '/home/ubuntu/Documents/billy_the_robot/install/billy_the_robot/lib/python3.10/site-packages'
[2.834s] Level 1:colcon.colcon_core.shell:create_environment_hook('billy_the_robot', 'pythonpath')
[2.836s] INFO:colcon.colcon_core.shell:Creating environment hook '/home/ubuntu/Documents/billy_the_robot/install/billy_the_robot/share/billy_the_robot/hook/pythonpath.ps1'
[2.837s] INFO:colcon.colcon_core.shell:Creating environment descriptor '/home/ubuntu/Documents/billy_the_robot/install/billy_the_robot/share/billy_the_robot/hook/pythonpath.dsv'
[2.838s] INFO:colcon.colcon_core.shell:Creating environment hook '/home/ubuntu/Documents/billy_the_robot/install/billy_the_robot/share/billy_the_robot/hook/pythonpath.sh'
[2.839s] Level 1:colcon.colcon_core.environment:checking '/home/ubuntu/Documents/billy_the_robot/install/billy_the_robot/bin'
[2.839s] Level 1:colcon.colcon_core.environment:create_environment_scripts_only(billy_the_robot)
[2.841s] INFO:colcon.colcon_core.shell:Creating package script '/home/ubuntu/Documents/billy_the_robot/install/billy_the_robot/share/billy_the_robot/package.ps1'
[2.850s] INFO:colcon.colcon_core.shell:Creating package descriptor '/home/ubuntu/Documents/billy_the_robot/install/billy_the_robot/share/billy_the_robot/package.dsv'
[2.851s] INFO:colcon.colcon_core.shell:Creating package script '/home/ubuntu/Documents/billy_the_robot/install/billy_the_robot/share/billy_the_robot/package.sh'
[2.852s] INFO:colcon.colcon_core.shell:Creating package script '/home/ubuntu/Documents/billy_the_robot/install/billy_the_robot/share/billy_the_robot/package.bash'
[2.854s] INFO:colcon.colcon_core.shell:Creating package script '/home/ubuntu/Documents/billy_the_robot/install/billy_the_robot/share/billy_the_robot/package.zsh'
[2.855s] Level 1:colcon.colcon_core.environment:create_file_with_runtime_dependencies(/home/ubuntu/Documents/billy_the_robot/install/billy_the_robot/share/colcon-core/packages/billy_the_robot)
[2.858s] DEBUG:colcon.colcon_parallel_executor.executor.parallel:closing loop
[2.859s] DEBUG:colcon.colcon_parallel_executor.executor.parallel:loop closed
[2.859s] DEBUG:colcon.colcon_parallel_executor.executor.parallel:run_until_complete finished with '0'
[2.859s] DEBUG:colcon.colcon_core.event_reactor:joining thread
[2.869s] INFO:colcon.colcon_core.plugin_system:Skipping extension 'colcon_notification.desktop_notification.terminal_notifier': Not used on non-Darwin systems
[2.870s] INFO:colcon.colcon_core.plugin_system:Skipping extension 'colcon_notification.desktop_notification.win32': Not used on non-Windows systems
[2.870s] INFO:colcon.colcon_notification.desktop_notification:Sending desktop notification using 'notify2'
[2.898s] DEBUG:colcon.colcon_core.event_reactor:joined thread
[2.900s] INFO:colcon.colcon_core.shell:Creating prefix script '/home/ubuntu/Documents/billy_the_robot/install/local_setup.ps1'
[2.904s] INFO:colcon.colcon_core.shell:Creating prefix util module '/home/ubuntu/Documents/billy_the_robot/install/_local_setup_util_ps1.py'
[2.910s] INFO:colcon.colcon_core.shell:Creating prefix chain script '/home/ubuntu/Documents/billy_the_robot/install/setup.ps1'
[2.912s] INFO:colcon.colcon_core.shell:Creating prefix script '/home/ubuntu/Documents/billy_the_robot/install/local_setup.sh'
[2.913s] INFO:colcon.colcon_core.shell:Creating prefix util module '/home/ubuntu/Documents/billy_the_robot/install/_local_setup_util_sh.py'
[2.914s] INFO:colcon.colcon_core.shell:Creating prefix chain script '/home/ubuntu/Documents/billy_the_robot/install/setup.sh'
[2.930s] INFO:colcon.colcon_core.shell:Creating prefix script '/home/ubuntu/Documents/billy_the_robot/install/local_setup.bash'
[2.931s] INFO:colcon.colcon_core.shell:Creating prefix chain script '/home/ubuntu/Documents/billy_the_robot/install/setup.bash'
[2.939s] INFO:colcon.colcon_core.shell:Creating prefix script '/home/ubuntu/Documents/billy_the_robot/install/local_setup.zsh'
[2.946s] INFO:colcon.colcon_core.shell:Creating prefix chain script '/home/ubuntu/Documents/billy_the_robot/install/setup.zsh'
